{"/home/travis/build/npmtest/node-npmtest-jugglingdb/test.js":{"path":"/home/travis/build/npmtest/node-npmtest-jugglingdb/test.js","s":{"1":2,"2":2,"3":2,"4":2,"5":2,"6":2,"7":2,"8":1,"9":2,"10":2,"11":1,"12":1,"13":1,"14":1,"15":2,"16":2,"17":2,"18":2,"19":1,"20":1,"21":2,"22":2,"23":2,"24":1,"25":1,"26":1,"27":1,"28":1,"29":1,"30":1,"31":1,"32":1,"33":1,"34":1,"35":1,"36":1,"37":1,"38":1,"39":2,"40":2,"41":1,"42":2,"43":2,"44":1,"45":2,"46":2,"47":1,"48":2,"49":2,"50":1,"51":1,"52":1,"53":1,"54":1},"b":{"1":[2,1,1,1],"2":[1,1,1,1],"3":[1,1],"4":[1,1],"5":[1,1],"6":[1,1],"7":[1,1],"8":[1,1],"9":[1,1],"10":[1,1,1],"11":[1,1],"12":[1,1],"13":[1,1],"14":[1,1],"15":[1,1],"16":[1,1],"17":[1,1]},"f":{"1":2,"2":2,"3":2,"4":2,"5":2,"6":1,"7":1,"8":1,"9":2,"10":2,"11":2,"12":2,"13":1},"fnMap":{"1":{"name":"(anonymous_1)","line":12,"loc":{"start":{"line":12,"column":1},"end":{"line":12,"column":13}}},"2":{"name":"(anonymous_2)","line":19,"loc":{"start":{"line":19,"column":5},"end":{"line":19,"column":17}}},"3":{"name":"(anonymous_3)","line":23,"loc":{"start":{"line":23,"column":24},"end":{"line":23,"column":36}}},"4":{"name":"(anonymous_4)","line":61,"loc":{"start":{"line":61,"column":5},"end":{"line":61,"column":17}}},"5":{"name":"(anonymous_5)","line":82,"loc":{"start":{"line":82,"column":5},"end":{"line":82,"column":17}}},"6":{"name":"(anonymous_6)","line":91,"loc":{"start":{"line":91,"column":77},"end":{"line":94,"column":10}}},"7":{"name":"(anonymous_7)","line":112,"loc":{"start":{"line":112,"column":83},"end":{"line":115,"column":10}},"skip":true},"8":{"name":"(anonymous_8)","line":123,"loc":{"start":{"line":123,"column":77},"end":{"line":126,"column":10}},"skip":true},"9":{"name":"(anonymous_9)","line":139,"loc":{"start":{"line":139,"column":12},"end":{"line":139,"column":40}},"skip":true},"10":{"name":"(anonymous_10)","line":147,"loc":{"start":{"line":147,"column":77},"end":{"line":150,"column":10}},"skip":true},"11":{"name":"(anonymous_11)","line":158,"loc":{"start":{"line":158,"column":83},"end":{"line":161,"column":10}},"skip":true},"12":{"name":"(anonymous_12)","line":169,"loc":{"start":{"line":169,"column":79},"end":{"line":172,"column":10}},"skip":true},"13":{"name":"(anonymous_13)","line":180,"loc":{"start":{"line":180,"column":75},"end":{"line":183,"column":10}},"skip":true}},"statementMap":{"1":{"start":{"line":12,"column":0},"end":{"line":195,"column":5}},"2":{"start":{"line":14,"column":4},"end":{"line":14,"column":14}},"3":{"start":{"line":19,"column":4},"end":{"line":56,"column":9}},"4":{"start":{"line":21,"column":8},"end":{"line":21,"column":19}},"5":{"start":{"line":23,"column":8},"end":{"line":35,"column":13}},"6":{"start":{"line":24,"column":12},"end":{"line":34,"column":13}},"7":{"start":{"line":25,"column":16},"end":{"line":28,"column":30}},"8":{"start":{"line":30,"column":16},"end":{"line":33,"column":27}},"9":{"start":{"line":37,"column":8},"end":{"line":39,"column":21}},"10":{"start":{"line":40,"column":8},"end":{"line":53,"column":9}},"11":{"start":{"line":43,"column":12},"end":{"line":46,"column":14}},"12":{"start":{"line":47,"column":12},"end":{"line":47,"column":18}},"13":{"start":{"line":50,"column":12},"end":{"line":51,"column":46}},"14":{"start":{"line":52,"column":12},"end":{"line":52,"column":18}},"15":{"start":{"line":55,"column":8},"end":{"line":55,"column":35}},"16":{"start":{"line":61,"column":4},"end":{"line":63,"column":9}},"17":{"start":{"line":62,"column":8},"end":{"line":62,"column":15}},"18":{"start":{"line":64,"column":4},"end":{"line":77,"column":5}},"19":{"start":{"line":70,"column":8},"end":{"line":70,"column":14}},"20":{"start":{"line":76,"column":8},"end":{"line":76,"column":14}},"21":{"start":{"line":82,"column":4},"end":{"line":84,"column":9}},"22":{"start":{"line":83,"column":8},"end":{"line":83,"column":15}},"23":{"start":{"line":85,"column":4},"end":{"line":194,"column":5}},"24":{"start":{"line":91,"column":8},"end":{"line":99,"column":10}},"25":{"start":{"line":98,"column":12},"end":{"line":98,"column":35}},"26":{"start":{"line":102,"column":8},"end":{"line":104,"column":63}},"27":{"start":{"line":105,"column":8},"end":{"line":105,"column":14}},"28":{"start":{"line":112,"column":8},"end":{"line":121,"column":10},"skip":true},"29":{"start":{"line":119,"column":12},"end":{"line":119,"column":55},"skip":true},"30":{"start":{"line":120,"column":12},"end":{"line":120,"column":48},"skip":true},"31":{"start":{"line":123,"column":8},"end":{"line":136,"column":10},"skip":true},"32":{"start":{"line":130,"column":12},"end":{"line":130,"column":76},"skip":true},"33":{"start":{"line":131,"column":12},"end":{"line":131,"column":73},"skip":true},"34":{"start":{"line":132,"column":12},"end":{"line":132,"column":74},"skip":true},"35":{"start":{"line":133,"column":12},"end":{"line":133,"column":79},"skip":true},"36":{"start":{"line":134,"column":12},"end":{"line":134,"column":25},"skip":true},"37":{"start":{"line":135,"column":12},"end":{"line":135,"column":45},"skip":true},"38":{"start":{"line":138,"column":8},"end":{"line":145,"column":14},"skip":true},"39":{"start":{"line":143,"column":16},"end":{"line":143,"column":29},"skip":true},"40":{"start":{"line":144,"column":16},"end":{"line":144,"column":55},"skip":true},"41":{"start":{"line":147,"column":8},"end":{"line":156,"column":10},"skip":true},"42":{"start":{"line":154,"column":12},"end":{"line":154,"column":25},"skip":true},"43":{"start":{"line":155,"column":12},"end":{"line":155,"column":45},"skip":true},"44":{"start":{"line":158,"column":8},"end":{"line":167,"column":10},"skip":true},"45":{"start":{"line":165,"column":12},"end":{"line":165,"column":25},"skip":true},"46":{"start":{"line":166,"column":12},"end":{"line":166,"column":48},"skip":true},"47":{"start":{"line":169,"column":8},"end":{"line":178,"column":10},"skip":true},"48":{"start":{"line":176,"column":12},"end":{"line":176,"column":25},"skip":true},"49":{"start":{"line":177,"column":12},"end":{"line":177,"column":46},"skip":true},"50":{"start":{"line":180,"column":8},"end":{"line":189,"column":10},"skip":true},"51":{"start":{"line":187,"column":12},"end":{"line":187,"column":94},"skip":true},"52":{"start":{"line":188,"column":12},"end":{"line":188,"column":48},"skip":true},"53":{"start":{"line":192,"column":8},"end":{"line":192,"column":35},"skip":true},"54":{"start":{"line":193,"column":8},"end":{"line":193,"column":14},"skip":true}},"branchMap":{"1":{"line":25,"type":"binary-expr","locations":[{"start":{"line":25,"column":23},"end":{"line":25,"column":62}},{"start":{"line":26,"column":20},"end":{"line":26,"column":70}},{"start":{"line":27,"column":20},"end":{"line":27,"column":71}},{"start":{"line":28,"column":20},"end":{"line":28,"column":29}}]},"2":{"line":30,"type":"binary-expr","locations":[{"start":{"line":30,"column":23},"end":{"line":30,"column":37}},{"start":{"line":31,"column":20},"end":{"line":31,"column":61}},{"start":{"line":32,"column":20},"end":{"line":32,"column":70}},{"start":{"line":33,"column":20},"end":{"line":33,"column":26}}]},"3":{"line":37,"type":"cond-expr","locations":[{"start":{"line":38,"column":14},"end":{"line":38,"column":20}},{"start":{"line":39,"column":14},"end":{"line":39,"column":20}}]},"4":{"line":40,"type":"switch","locations":[{"start":{"line":42,"column":8},"end":{"line":47,"column":18}},{"start":{"line":49,"column":8},"end":{"line":52,"column":18}}]},"5":{"line":44,"type":"binary-expr","locations":[{"start":{"line":44,"column":16},"end":{"line":44,"column":44}},{"start":{"line":44,"column":48},"end":{"line":44,"column":66}}]},"6":{"line":50,"type":"binary-expr","locations":[{"start":{"line":50,"column":21},"end":{"line":50,"column":49}},{"start":{"line":50,"column":53},"end":{"line":50,"column":72}}]},"7":{"line":64,"type":"switch","locations":[{"start":{"line":69,"column":4},"end":{"line":70,"column":14}},{"start":{"line":75,"column":4},"end":{"line":76,"column":14}}]},"8":{"line":85,"type":"switch","locations":[{"start":{"line":90,"column":4},"end":{"line":105,"column":14}},{"start":{"line":111,"column":4},"end":{"line":193,"column":14},"skip":true}]},"9":{"line":91,"type":"binary-expr","locations":[{"start":{"line":91,"column":42},"end":{"line":91,"column":73}},{"start":{"line":91,"column":77},"end":{"line":99,"column":9}}]},"10":{"line":102,"type":"binary-expr","locations":[{"start":{"line":102,"column":18},"end":{"line":102,"column":32}},{"start":{"line":103,"column":12},"end":{"line":103,"column":53}},{"start":{"line":104,"column":12},"end":{"line":104,"column":61}}]},"11":{"line":112,"type":"binary-expr","locations":[{"start":{"line":112,"column":45},"end":{"line":112,"column":79},"skip":true},{"start":{"line":112,"column":83},"end":{"line":121,"column":9},"skip":true}]},"12":{"line":123,"type":"binary-expr","locations":[{"start":{"line":123,"column":42},"end":{"line":123,"column":73},"skip":true},{"start":{"line":123,"column":77},"end":{"line":136,"column":9},"skip":true}]},"13":{"line":138,"type":"binary-expr","locations":[{"start":{"line":138,"column":48},"end":{"line":138,"column":85},"skip":true},{"start":{"line":139,"column":12},"end":{"line":145,"column":13},"skip":true}]},"14":{"line":147,"type":"binary-expr","locations":[{"start":{"line":147,"column":42},"end":{"line":147,"column":73},"skip":true},{"start":{"line":147,"column":77},"end":{"line":156,"column":9},"skip":true}]},"15":{"line":158,"type":"binary-expr","locations":[{"start":{"line":158,"column":45},"end":{"line":158,"column":79},"skip":true},{"start":{"line":158,"column":83},"end":{"line":167,"column":9},"skip":true}]},"16":{"line":169,"type":"binary-expr","locations":[{"start":{"line":169,"column":43},"end":{"line":169,"column":75},"skip":true},{"start":{"line":169,"column":79},"end":{"line":178,"column":9},"skip":true}]},"17":{"line":180,"type":"binary-expr","locations":[{"start":{"line":180,"column":41},"end":{"line":180,"column":71},"skip":true},{"start":{"line":180,"column":75},"end":{"line":189,"column":9},"skip":true}]}},"code":["/* istanbul instrument in package npmtest_jugglingdb */","/*jslint","    bitwise: true,","    browser: true,","    maxerr: 8,","    maxlen: 96,","    node: true,","    nomen: true,","    regexp: true,","    stupid: true","*/","(function () {","    'use strict';","    var local;","","","","    // run shared js-env code - pre-init","    (function () {","        // init local","        local = {};","        // init modeJs","        local.modeJs = (function () {","            try {","                return typeof navigator.userAgent === 'string' &&","                    typeof document.querySelector('body') === 'object' &&","                    typeof XMLHttpRequest.prototype.open === 'function' &&","                    'browser';","            } catch (errorCaughtBrowser) {","                return module.exports &&","                    typeof process.versions.node === 'string' &&","                    typeof require('http').createServer === 'function' &&","                    'node';","            }","        }());","        // init global","        local.global = local.modeJs === 'browser'","            ? window","            : global;","        switch (local.modeJs) {","        // re-init local from window.local","        case 'browser':","            local = local.global.utility2.objectSetDefault(","                local.global.utility2_rollup || local.global.local,","                local.global.utility2","            );","            break;","        // re-init local from example.js","        case 'node':","            local = (local.global.utility2_rollup || require('utility2'))","                .requireExampleJsFromReadme();","            break;","        }","        // export local","        local.global.local = local;","    }());","","","","    // run shared js-env code - function","    (function () {","        return;","    }());","    switch (local.modeJs) {","","","","    // run browser js-env code - function","    case 'browser':","        break;","","","","    // run node js-env code - function","    case 'node':","        break;","    }","","","","    // run shared js-env code - post-init","    (function () {","        return;","    }());","    switch (local.modeJs) {","","","","    // run browser js-env code - post-init","    case 'browser':","        local.testCase_browser_nullCase = local.testCase_browser_nullCase || function (","            options,","            onError","        ) {","        /*","         * this function will test browsers's null-case handling-behavior-behavior","         */","            onError(null, options);","        };","","        // run tests","        local.nop(local.modeTest &&","            document.querySelector('#testRunButton1') &&","            document.querySelector('#testRunButton1').click());","        break;","","","","    // run node js-env code - post-init","    /* istanbul ignore next */","    case 'node':","        local.testCase_buildApidoc_default = local.testCase_buildApidoc_default || function (","            options,","            onError","        ) {","        /*","         * this function will test buildApidoc's default handling-behavior-behavior","         */","            options = { modulePathList: module.paths };","            local.buildApidoc(options, onError);","        };","","        local.testCase_buildApp_default = local.testCase_buildApp_default || function (","            options,","            onError","        ) {","        /*","         * this function will test buildApp's default handling-behavior-behavior","         */","            local.testCase_buildReadme_default(options, local.onErrorThrow);","            local.testCase_buildLib_default(options, local.onErrorThrow);","            local.testCase_buildTest_default(options, local.onErrorThrow);","            local.testCase_buildCustomOrg_default(options, local.onErrorThrow);","            options = [];","            local.buildApp(options, onError);","        };","","        local.testCase_buildCustomOrg_default = local.testCase_buildCustomOrg_default ||","            function (options, onError) {","            /*","             * this function will test buildCustomOrg's default handling-behavior","             */","                options = {};","                local.buildCustomOrg(options, onError);","            };","","        local.testCase_buildLib_default = local.testCase_buildLib_default || function (","            options,","            onError","        ) {","        /*","         * this function will test buildLib's default handling-behavior","         */","            options = {};","            local.buildLib(options, onError);","        };","","        local.testCase_buildReadme_default = local.testCase_buildReadme_default || function (","            options,","            onError","        ) {","        /*","         * this function will test buildReadme's default handling-behavior-behavior","         */","            options = {};","            local.buildReadme(options, onError);","        };","","        local.testCase_buildTest_default = local.testCase_buildTest_default || function (","            options,","            onError","        ) {","        /*","         * this function will test buildTest's default handling-behavior","         */","            options = {};","            local.buildTest(options, onError);","        };","","        local.testCase_webpage_default = local.testCase_webpage_default || function (","            options,","            onError","        ) {","        /*","         * this function will test webpage's default handling-behavior","         */","            options = { modeCoverageMerge: true, url: local.serverLocalHost + '?modeTest=1' };","            local.browserTest(options, onError);","        };","","        // run test-server","        local.testRunServer(local);","        break;","    }","}());",""],"l":{"12":2,"14":2,"19":2,"21":2,"23":2,"24":2,"25":2,"30":1,"37":2,"40":2,"43":1,"47":1,"50":1,"52":1,"55":2,"61":2,"62":2,"64":2,"70":1,"76":1,"82":2,"83":2,"85":2,"91":1,"98":1,"102":1,"105":1,"112":1,"119":1,"120":1,"123":1,"130":1,"131":1,"132":1,"133":1,"134":1,"135":1,"138":1,"143":2,"144":2,"147":1,"154":2,"155":2,"158":1,"165":2,"166":2,"169":1,"176":2,"177":2,"180":1,"187":1,"188":1,"192":1,"193":1}},"/home/travis/build/npmtest/node-npmtest-jugglingdb/lib.npmtest_jugglingdb.js":{"path":"/home/travis/build/npmtest/node-npmtest-jugglingdb/lib.npmtest_jugglingdb.js","s":{"1":2,"2":2,"3":2,"4":2,"5":2,"6":2,"7":2,"8":1,"9":2,"10":2,"11":2,"12":2,"13":1,"14":1,"15":1,"16":1},"b":{"1":[2,1,1,1],"2":[1,1,1,1],"3":[1,1],"4":[2,2],"5":[1,1]},"f":{"1":2,"2":2,"3":2},"fnMap":{"1":{"name":"(anonymous_1)","line":12,"loc":{"start":{"line":12,"column":1},"end":{"line":12,"column":13}}},"2":{"name":"(anonymous_2)","line":19,"loc":{"start":{"line":19,"column":5},"end":{"line":19,"column":17}}},"3":{"name":"(anonymous_3)","line":23,"loc":{"start":{"line":23,"column":24},"end":{"line":23,"column":36}}}},"statementMap":{"1":{"start":{"line":12,"column":0},"end":{"line":53,"column":5}},"2":{"start":{"line":14,"column":4},"end":{"line":14,"column":14}},"3":{"start":{"line":19,"column":4},"end":{"line":52,"column":9}},"4":{"start":{"line":21,"column":8},"end":{"line":21,"column":19}},"5":{"start":{"line":23,"column":8},"end":{"line":35,"column":13}},"6":{"start":{"line":24,"column":12},"end":{"line":34,"column":13}},"7":{"start":{"line":25,"column":16},"end":{"line":28,"column":30}},"8":{"start":{"line":30,"column":16},"end":{"line":33,"column":27}},"9":{"start":{"line":37,"column":8},"end":{"line":39,"column":21}},"10":{"start":{"line":41,"column":8},"end":{"line":41,"column":54}},"11":{"start":{"line":43,"column":8},"end":{"line":43,"column":55}},"12":{"start":{"line":45,"column":8},"end":{"line":51,"column":9}},"13":{"start":{"line":46,"column":12},"end":{"line":46,"column":61}},"14":{"start":{"line":48,"column":12},"end":{"line":48,"column":35}},"15":{"start":{"line":49,"column":12},"end":{"line":49,"column":49}},"16":{"start":{"line":50,"column":12},"end":{"line":50,"column":43}}},"branchMap":{"1":{"line":25,"type":"binary-expr","locations":[{"start":{"line":25,"column":23},"end":{"line":25,"column":62}},{"start":{"line":26,"column":20},"end":{"line":26,"column":70}},{"start":{"line":27,"column":20},"end":{"line":27,"column":71}},{"start":{"line":28,"column":20},"end":{"line":28,"column":29}}]},"2":{"line":30,"type":"binary-expr","locations":[{"start":{"line":30,"column":23},"end":{"line":30,"column":37}},{"start":{"line":31,"column":20},"end":{"line":31,"column":61}},{"start":{"line":32,"column":20},"end":{"line":32,"column":70}},{"start":{"line":33,"column":20},"end":{"line":33,"column":26}}]},"3":{"line":37,"type":"cond-expr","locations":[{"start":{"line":38,"column":14},"end":{"line":38,"column":20}},{"start":{"line":39,"column":14},"end":{"line":39,"column":20}}]},"4":{"line":41,"type":"binary-expr","locations":[{"start":{"line":41,"column":16},"end":{"line":41,"column":44}},{"start":{"line":41,"column":48},"end":{"line":41,"column":53}}]},"5":{"line":45,"type":"if","locations":[{"start":{"line":45,"column":8},"end":{"line":45,"column":8}},{"start":{"line":45,"column":8},"end":{"line":45,"column":8}}]}},"code":["/* istanbul instrument in package npmtest_jugglingdb */","/*jslint","    bitwise: true,","    browser: true,","    maxerr: 8,","    maxlen: 96,","    node: true,","    nomen: true,","    regexp: true,","    stupid: true","*/","(function () {","    'use strict';","    var local;","","","","    // run shared js-env code - pre-init","    (function () {","        // init local","        local = {};","        // init modeJs","        local.modeJs = (function () {","            try {","                return typeof navigator.userAgent === 'string' &&","                    typeof document.querySelector('body') === 'object' &&","                    typeof XMLHttpRequest.prototype.open === 'function' &&","                    'browser';","            } catch (errorCaughtBrowser) {","                return module.exports &&","                    typeof process.versions.node === 'string' &&","                    typeof require('http').createServer === 'function' &&","                    'node';","            }","        }());","        // init global","        local.global = local.modeJs === 'browser'","            ? window","            : global;","        // init utility2_rollup","        local = local.global.utility2_rollup || local;","        // init lib","        local.local = local.npmtest_jugglingdb = local;","        // init exports","        if (local.modeJs === 'browser') {","            local.global.utility2_npmtest_jugglingdb = local;","        } else {","            module.exports = local;","            module.exports.__dirname = __dirname;","            module.exports.module = module;","        }","    }());","}());",""],"l":{"12":2,"14":2,"19":2,"21":2,"23":2,"24":2,"25":2,"30":1,"37":2,"41":2,"43":2,"45":2,"46":1,"48":1,"49":1,"50":1}},"/home/travis/build/npmtest/node-npmtest-jugglingdb/example.js":{"path":"/home/travis/build/npmtest/node-npmtest-jugglingdb/example.js","s":{"1":2,"2":2,"3":2,"4":2,"5":2,"6":2,"7":2,"8":1,"9":2,"10":2,"11":2,"12":2,"13":1,"14":2,"15":2,"16":2,"17":2,"18":2,"19":0,"20":2,"21":1,"22":1,"23":1,"24":1,"25":1,"26":0,"27":0,"28":1,"29":1,"30":2,"31":0,"32":0,"33":0,"34":1,"35":2,"36":2,"37":3,"38":3,"39":3,"40":3,"41":0,"42":3,"43":3,"44":3,"45":1,"46":3,"47":1,"48":1,"49":1,"50":1,"51":1,"52":1,"53":1,"54":1,"55":1,"56":1,"57":0,"58":1,"59":6,"60":6,"61":1,"62":2,"63":0,"64":2,"65":1,"66":1,"67":0,"68":0,"69":0,"70":0,"71":0,"72":0,"73":0,"74":0,"75":0,"76":0,"77":0,"78":0,"79":0,"80":0,"81":0,"82":0,"83":0},"b":{"1":[2,1,1,1],"2":[1,1,1,1],"3":[1,1],"4":[2,2],"5":[1,1],"6":[1,1],"7":[2,0],"8":[2,1,1,1,1,1],"9":[0,2,0],"10":[1,1],"11":[2,1,1],"12":[1,0],"13":[0,2],"14":[2,0,0,0,0,0,0],"15":[0,3],"16":[3,0],"17":[1,1],"18":[0,1],"19":[1,2,0,2],"20":[1,0],"21":[1,1],"22":[0,0],"23":[0,0],"24":[0,0],"25":[0,0],"26":[0,0],"27":[0,0],"28":[0,0]},"f":{"1":2,"2":2,"3":2,"4":2,"5":2,"6":2,"7":3,"8":3,"9":3,"10":1,"11":6,"12":0},"fnMap":{"1":{"name":"(anonymous_1)","line":26,"loc":{"start":{"line":26,"column":1},"end":{"line":26,"column":13}}},"2":{"name":"(anonymous_2)","line":33,"loc":{"start":{"line":33,"column":5},"end":{"line":33,"column":17}}},"3":{"name":"(anonymous_3)","line":37,"loc":{"start":{"line":37,"column":24},"end":{"line":37,"column":36}}},"4":{"name":"(anonymous_4)","line":69,"loc":{"start":{"line":69,"column":31},"end":{"line":69,"column":48}},"skip":true},"5":{"name":"(anonymous_5)","line":78,"loc":{"start":{"line":78,"column":26},"end":{"line":78,"column":45}},"skip":true},"6":{"name":"(anonymous_6)","line":123,"loc":{"start":{"line":123,"column":33},"end":{"line":123,"column":48}},"skip":true},"7":{"name":"(anonymous_7)","line":125,"loc":{"start":{"line":125,"column":27},"end":{"line":125,"column":39}},"skip":true},"8":{"name":"(anonymous_8)","line":133,"loc":{"start":{"line":133,"column":59},"end":{"line":133,"column":74}},"skip":true},"9":{"name":"(anonymous_9)","line":143,"loc":{"start":{"line":143,"column":45},"end":{"line":143,"column":62}},"skip":true},"10":{"name":"(anonymous_10)","line":144,"loc":{"start":{"line":144,"column":73},"end":{"line":144,"column":92}},"skip":true},"11":{"name":"(anonymous_11)","line":272,"loc":{"start":{"line":272,"column":51},"end":{"line":272,"column":77}},"skip":true},"12":{"name":"(anonymous_12)","line":315,"loc":{"start":{"line":315,"column":32},"end":{"line":315,"column":61}},"skip":true}},"statementMap":{"1":{"start":{"line":26,"column":0},"end":{"line":326,"column":5}},"2":{"start":{"line":28,"column":4},"end":{"line":28,"column":14}},"3":{"start":{"line":33,"column":4},"end":{"line":60,"column":9}},"4":{"start":{"line":35,"column":8},"end":{"line":35,"column":19}},"5":{"start":{"line":37,"column":8},"end":{"line":49,"column":13}},"6":{"start":{"line":38,"column":12},"end":{"line":48,"column":13}},"7":{"start":{"line":39,"column":16},"end":{"line":42,"column":30}},"8":{"start":{"line":44,"column":16},"end":{"line":47,"column":27}},"9":{"start":{"line":51,"column":8},"end":{"line":53,"column":21}},"10":{"start":{"line":55,"column":8},"end":{"line":57,"column":45}},"11":{"start":{"line":59,"column":8},"end":{"line":59,"column":35}},"12":{"start":{"line":61,"column":4},"end":{"line":325,"column":5}},"13":{"start":{"line":69,"column":8},"end":{"line":121,"column":10},"skip":true},"14":{"start":{"line":70,"column":12},"end":{"line":88,"column":13},"skip":true},"15":{"start":{"line":76,"column":16},"end":{"line":87,"column":19},"skip":true},"16":{"start":{"line":79,"column":20},"end":{"line":86,"column":21},"skip":true},"17":{"start":{"line":82,"column":24},"end":{"line":82,"column":43},"skip":true},"18":{"start":{"line":83,"column":24},"end":{"line":83,"column":30},"skip":true},"19":{"start":{"line":85,"column":24},"end":{"line":85,"column":49},"skip":true},"20":{"start":{"line":89,"column":12},"end":{"line":107,"column":13},"skip":true},"21":{"start":{"line":92,"column":16},"end":{"line":102,"column":17},"skip":true},"22":{"start":{"line":93,"column":20},"end":{"line":93,"column":86},"skip":true},"23":{"start":{"line":94,"column":20},"end":{"line":95,"column":45},"skip":true},"24":{"start":{"line":96,"column":20},"end":{"line":96,"column":42},"skip":true},"25":{"start":{"line":97,"column":20},"end":{"line":97,"column":48},"skip":true},"26":{"start":{"line":100,"column":20},"end":{"line":100,"column":85},"skip":true},"27":{"start":{"line":101,"column":20},"end":{"line":101,"column":96},"skip":true},"28":{"start":{"line":103,"column":16},"end":{"line":103,"column":22},"skip":true},"29":{"start":{"line":106,"column":16},"end":{"line":106,"column":22},"skip":true},"30":{"start":{"line":108,"column":12},"end":{"line":120,"column":13},"skip":true},"31":{"start":{"line":114,"column":16},"end":{"line":119,"column":17},"skip":true},"32":{"start":{"line":116,"column":20},"end":{"line":116,"column":78},"skip":true},"33":{"start":{"line":118,"column":20},"end":{"line":118,"column":47},"skip":true},"34":{"start":{"line":123,"column":8},"end":{"line":141,"column":11},"skip":true},"35":{"start":{"line":124,"column":12},"end":{"line":124,"column":54},"skip":true},"36":{"start":{"line":125,"column":12},"end":{"line":140,"column":14},"skip":true},"37":{"start":{"line":126,"column":16},"end":{"line":126,"column":28},"skip":true},"38":{"start":{"line":127,"column":16},"end":{"line":127,"column":69},"skip":true},"39":{"start":{"line":128,"column":16},"end":{"line":128,"column":75},"skip":true},"40":{"start":{"line":129,"column":16},"end":{"line":131,"column":17},"skip":true},"41":{"start":{"line":130,"column":20},"end":{"line":130,"column":27},"skip":true},"42":{"start":{"line":133,"column":16},"end":{"line":137,"column":36},"skip":true},"43":{"start":{"line":134,"column":20},"end":{"line":136,"column":55},"skip":true},"44":{"start":{"line":139,"column":16},"end":{"line":139,"column":57},"skip":true},"45":{"start":{"line":143,"column":8},"end":{"line":147,"column":11},"skip":true},"46":{"start":{"line":144,"column":12},"end":{"line":146,"column":15},"skip":true},"47":{"start":{"line":145,"column":16},"end":{"line":145,"column":70},"skip":true},"48":{"start":{"line":149,"column":8},"end":{"line":149,"column":31},"skip":true},"49":{"start":{"line":150,"column":8},"end":{"line":150,"column":14},"skip":true},"50":{"start":{"line":158,"column":8},"end":{"line":158,"column":31},"skip":true},"51":{"start":{"line":160,"column":8},"end":{"line":160,"column":33},"skip":true},"52":{"start":{"line":161,"column":8},"end":{"line":161,"column":37},"skip":true},"53":{"start":{"line":162,"column":8},"end":{"line":162,"column":35},"skip":true},"54":{"start":{"line":164,"column":8},"end":{"line":164,"column":50},"skip":true},"55":{"start":{"line":166,"column":8},"end":{"line":256,"column":2},"skip":true},"56":{"start":{"line":258,"column":8},"end":{"line":286,"column":9},"skip":true},"57":{"start":{"line":259,"column":12},"end":{"line":269,"column":14},"skip":true},"58":{"start":{"line":271,"column":12},"end":{"line":285,"column":19},"skip":true},"59":{"start":{"line":274,"column":20},"end":{"line":274,"column":35},"skip":true},"60":{"start":{"line":275,"column":20},"end":{"line":284,"column":21},"skip":true},"61":{"start":{"line":277,"column":24},"end":{"line":277,"column":64},"skip":true},"62":{"start":{"line":279,"column":24},"end":{"line":279,"column":40},"skip":true},"63":{"start":{"line":281,"column":24},"end":{"line":281,"column":40},"skip":true},"64":{"start":{"line":283,"column":24},"end":{"line":283,"column":39},"skip":true},"65":{"start":{"line":288,"column":8},"end":{"line":290,"column":9},"skip":true},"66":{"start":{"line":289,"column":12},"end":{"line":289,"column":18},"skip":true},"67":{"start":{"line":291,"column":8},"end":{"line":293,"column":54},"skip":true},"68":{"start":{"line":296,"column":8},"end":{"line":301,"column":37},"skip":true},"69":{"start":{"line":303,"column":8},"end":{"line":303,"column":82},"skip":true},"70":{"start":{"line":306,"column":8},"end":{"line":308,"column":9},"skip":true},"71":{"start":{"line":307,"column":12},"end":{"line":307,"column":82},"skip":true},"72":{"start":{"line":310,"column":8},"end":{"line":312,"column":9},"skip":true},"73":{"start":{"line":311,"column":12},"end":{"line":311,"column":18},"skip":true},"74":{"start":{"line":313,"column":8},"end":{"line":313,"column":54},"skip":true},"75":{"start":{"line":314,"column":8},"end":{"line":314,"column":69},"skip":true},"76":{"start":{"line":315,"column":8},"end":{"line":323,"column":36},"skip":true},"77":{"start":{"line":316,"column":12},"end":{"line":316,"column":61},"skip":true},"78":{"start":{"line":317,"column":12},"end":{"line":320,"column":13},"skip":true},"79":{"start":{"line":318,"column":16},"end":{"line":318,"column":75},"skip":true},"80":{"start":{"line":319,"column":16},"end":{"line":319,"column":23},"skip":true},"81":{"start":{"line":321,"column":12},"end":{"line":321,"column":38},"skip":true},"82":{"start":{"line":322,"column":12},"end":{"line":322,"column":27},"skip":true},"83":{"start":{"line":324,"column":8},"end":{"line":324,"column":14},"skip":true}},"branchMap":{"1":{"line":39,"type":"binary-expr","locations":[{"start":{"line":39,"column":23},"end":{"line":39,"column":62}},{"start":{"line":40,"column":20},"end":{"line":40,"column":70}},{"start":{"line":41,"column":20},"end":{"line":41,"column":71}},{"start":{"line":42,"column":20},"end":{"line":42,"column":29}}]},"2":{"line":44,"type":"binary-expr","locations":[{"start":{"line":44,"column":23},"end":{"line":44,"column":37}},{"start":{"line":45,"column":20},"end":{"line":45,"column":61}},{"start":{"line":46,"column":20},"end":{"line":46,"column":70}},{"start":{"line":47,"column":20},"end":{"line":47,"column":26}}]},"3":{"line":51,"type":"cond-expr","locations":[{"start":{"line":52,"column":14},"end":{"line":52,"column":20}},{"start":{"line":53,"column":14},"end":{"line":53,"column":20}}]},"4":{"line":55,"type":"binary-expr","locations":[{"start":{"line":55,"column":16},"end":{"line":55,"column":44}},{"start":{"line":55,"column":49},"end":{"line":57,"column":43}}]},"5":{"line":55,"type":"cond-expr","locations":[{"start":{"line":56,"column":14},"end":{"line":56,"column":54}},{"start":{"line":57,"column":14},"end":{"line":57,"column":43}}]},"6":{"line":61,"type":"switch","locations":[{"start":{"line":68,"column":4},"end":{"line":150,"column":14},"skip":true},{"start":{"line":156,"column":4},"end":{"line":324,"column":14},"skip":true}]},"7":{"line":70,"type":"if","locations":[{"start":{"line":70,"column":12},"end":{"line":70,"column":12},"skip":true},{"start":{"line":70,"column":12},"end":{"line":70,"column":12},"skip":true}]},"8":{"line":70,"type":"binary-expr","locations":[{"start":{"line":70,"column":16},"end":{"line":70,"column":22},"skip":true},{"start":{"line":70,"column":27},"end":{"line":70,"column":32},"skip":true},{"start":{"line":71,"column":20},"end":{"line":71,"column":39},"skip":true},{"start":{"line":72,"column":20},"end":{"line":72,"column":49},"skip":true},{"start":{"line":73,"column":20},"end":{"line":73,"column":58},"skip":true},{"start":{"line":74,"column":20},"end":{"line":74,"column":69},"skip":true}]},"9":{"line":79,"type":"switch","locations":[{"start":{"line":80,"column":20},"end":{"line":80,"column":33},"skip":true},{"start":{"line":81,"column":20},"end":{"line":83,"column":30},"skip":true},{"start":{"line":84,"column":20},"end":{"line":85,"column":49},"skip":true}]},"10":{"line":89,"type":"switch","locations":[{"start":{"line":90,"column":12},"end":{"line":103,"column":22},"skip":true},{"start":{"line":105,"column":12},"end":{"line":106,"column":22},"skip":true}]},"11":{"line":89,"type":"binary-expr","locations":[{"start":{"line":89,"column":20},"end":{"line":89,"column":25},"skip":true},{"start":{"line":89,"column":29},"end":{"line":89,"column":48},"skip":true},{"start":{"line":89,"column":52},"end":{"line":89,"column":74},"skip":true}]},"12":{"line":92,"type":"if","locations":[{"start":{"line":92,"column":16},"end":{"line":92,"column":16},"skip":true},{"start":{"line":92,"column":16},"end":{"line":92,"column":16},"skip":true}]},"13":{"line":108,"type":"if","locations":[{"start":{"line":108,"column":12},"end":{"line":108,"column":12},"skip":true},{"start":{"line":108,"column":12},"end":{"line":108,"column":12},"skip":true}]},"14":{"line":108,"type":"binary-expr","locations":[{"start":{"line":108,"column":16},"end":{"line":108,"column":61},"skip":true},{"start":{"line":108,"column":66},"end":{"line":108,"column":72},"skip":true},{"start":{"line":108,"column":77},"end":{"line":108,"column":82},"skip":true},{"start":{"line":109,"column":20},"end":{"line":109,"column":39},"skip":true},{"start":{"line":110,"column":20},"end":{"line":110,"column":49},"skip":true},{"start":{"line":111,"column":20},"end":{"line":111,"column":58},"skip":true},{"start":{"line":112,"column":20},"end":{"line":112,"column":68},"skip":true}]},"15":{"line":129,"type":"if","locations":[{"start":{"line":129,"column":16},"end":{"line":129,"column":16},"skip":true},{"start":{"line":129,"column":16},"end":{"line":129,"column":16},"skip":true}]},"16":{"line":134,"type":"cond-expr","locations":[{"start":{"line":135,"column":26},"end":{"line":135,"column":29},"skip":true},{"start":{"line":136,"column":26},"end":{"line":136,"column":54},"skip":true}]},"17":{"line":164,"type":"binary-expr","locations":[{"start":{"line":164,"column":27},"end":{"line":164,"column":43},"skip":true},{"start":{"line":164,"column":47},"end":{"line":164,"column":49},"skip":true}]},"18":{"line":258,"type":"if","locations":[{"start":{"line":258,"column":8},"end":{"line":258,"column":8},"skip":true},{"start":{"line":258,"column":8},"end":{"line":258,"column":8},"skip":true}]},"19":{"line":275,"type":"switch","locations":[{"start":{"line":276,"column":20},"end":{"line":277,"column":64},"skip":true},{"start":{"line":278,"column":20},"end":{"line":279,"column":40},"skip":true},{"start":{"line":280,"column":20},"end":{"line":281,"column":40},"skip":true},{"start":{"line":282,"column":20},"end":{"line":283,"column":39},"skip":true}]},"20":{"line":288,"type":"if","locations":[{"start":{"line":288,"column":8},"end":{"line":288,"column":8},"skip":true},{"start":{"line":288,"column":8},"end":{"line":288,"column":8},"skip":true}]},"21":{"line":288,"type":"binary-expr","locations":[{"start":{"line":288,"column":12},"end":{"line":288,"column":40},"skip":true},{"start":{"line":288,"column":44},"end":{"line":288,"column":67},"skip":true}]},"22":{"line":292,"type":"binary-expr","locations":[{"start":{"line":292,"column":12},"end":{"line":292,"column":50},"skip":true},{"start":{"line":293,"column":12},"end":{"line":293,"column":53},"skip":true}]},"23":{"line":297,"type":"binary-expr","locations":[{"start":{"line":297,"column":12},"end":{"line":297,"column":68},"skip":true},{"start":{"line":298,"column":12},"end":{"line":301,"column":36},"skip":true}]},"24":{"line":303,"type":"binary-expr","locations":[{"start":{"line":303,"column":43},"end":{"line":303,"column":75},"skip":true},{"start":{"line":303,"column":79},"end":{"line":303,"column":81},"skip":true}]},"25":{"line":306,"type":"if","locations":[{"start":{"line":306,"column":8},"end":{"line":306,"column":8},"skip":true},{"start":{"line":306,"column":8},"end":{"line":306,"column":8},"skip":true}]},"26":{"line":310,"type":"if","locations":[{"start":{"line":310,"column":8},"end":{"line":310,"column":8},"skip":true},{"start":{"line":310,"column":8},"end":{"line":310,"column":8},"skip":true}]},"27":{"line":313,"type":"binary-expr","locations":[{"start":{"line":313,"column":27},"end":{"line":313,"column":43},"skip":true},{"start":{"line":313,"column":47},"end":{"line":313,"column":53},"skip":true}]},"28":{"line":317,"type":"if","locations":[{"start":{"line":317,"column":12},"end":{"line":317,"column":12},"skip":true},{"start":{"line":317,"column":12},"end":{"line":317,"column":12},"skip":true}]}},"code":["/*","example.js","","quickstart example","","instruction","    1. save this script as example.js","    2. run the shell command:","        $ npm install npmtest-jugglingdb && PORT=8081 node example.js","    3. play with the browser-demo on http://127.0.0.1:8081","*/","","","","/* istanbul instrument in package npmtest_jugglingdb */","/*jslint","    bitwise: true,","    browser: true,","    maxerr: 8,","    maxlen: 96,","    node: true,","    nomen: true,","    regexp: true,","    stupid: true","*/","(function () {","    'use strict';","    var local;","","","","    // run shared js-env code - pre-init","    (function () {","        // init local","        local = {};","        // init modeJs","        local.modeJs = (function () {","            try {","                return typeof navigator.userAgent === 'string' &&","                    typeof document.querySelector('body') === 'object' &&","                    typeof XMLHttpRequest.prototype.open === 'function' &&","                    'browser';","            } catch (errorCaughtBrowser) {","                return module.exports &&","                    typeof process.versions.node === 'string' &&","                    typeof require('http').createServer === 'function' &&","                    'node';","            }","        }());","        // init global","        local.global = local.modeJs === 'browser'","            ? window","            : global;","        // init utility2_rollup","        local = local.global.utility2_rollup || (local.modeJs === 'browser'","            ? local.global.utility2_npmtest_jugglingdb","            : global.utility2_moduleExports);","        // export local","        local.global.local = local;","    }());","    switch (local.modeJs) {","","","","    // post-init","    // run browser js-env code - post-init","    /* istanbul ignore next */","    case 'browser':","        local.testRunBrowser = function (event) {","            if (!event || (event &&","                    event.currentTarget &&","                    event.currentTarget.className &&","                    event.currentTarget.className.includes &&","                    event.currentTarget.className.includes('onreset'))) {","                // reset output","                Array.from(","                    document.querySelectorAll('body > .resettable')","                ).forEach(function (element) {","                    switch (element.tagName) {","                    case 'INPUT':","                    case 'TEXTAREA':","                        element.value = '';","                        break;","                    default:","                        element.textContent = '';","                    }","                });","            }","            switch (event && event.currentTarget && event.currentTarget.id) {","            case 'testRunButton1':","                // show tests","                if (document.querySelector('#testReportDiv1').style.display === 'none') {","                    document.querySelector('#testReportDiv1').style.display = 'block';","                    document.querySelector('#testRunButton1').textContent =","                        'hide internal test';","                    local.modeTest = true;","                    local.testRunDefault(local);","                // hide tests","                } else {","                    document.querySelector('#testReportDiv1').style.display = 'none';","                    document.querySelector('#testRunButton1').textContent = 'run internal test';","                }","                break;","            // custom-case","            default:","                break;","            }","            if (document.querySelector('#inputTextareaEval1') && (!event || (event &&","                    event.currentTarget &&","                    event.currentTarget.className &&","                    event.currentTarget.className.includes &&","                    event.currentTarget.className.includes('oneval')))) {","                // try to eval input-code","                try {","                    /*jslint evil: true*/","                    eval(document.querySelector('#inputTextareaEval1').value);","                } catch (errorCaught) {","                    console.error(errorCaught);","                }","            }","        };","        // log stderr and stdout to #outputTextareaStdout1","        ['error', 'log'].forEach(function (key) {","            console[key + '_original'] = console[key];","            console[key] = function () {","                var element;","                console[key + '_original'].apply(console, arguments);","                element = document.querySelector('#outputTextareaStdout1');","                if (!element) {","                    return;","                }","                // append text to #outputTextareaStdout1","                element.value += Array.from(arguments).map(function (arg) {","                    return typeof arg === 'string'","                        ? arg","                        : JSON.stringify(arg, null, 4);","                }).join(' ') + '\\n';","                // scroll textarea to bottom","                element.scrollTop = element.scrollHeight;","            };","        });","        // init event-handling","        ['change', 'click', 'keyup'].forEach(function (event) {","            Array.from(document.querySelectorAll('.on' + event)).forEach(function (element) {","                element.addEventListener(event, local.testRunBrowser);","            });","        });","        // run tests","        local.testRunBrowser();","        break;","","","","    // run node js-env code - post-init","    /* istanbul ignore next */","    case 'node':","        // export local","        module.exports = local;","        // require modules","        local.fs = require('fs');","        local.http = require('http');","        local.url = require('url');","        // init assets","        local.assetsDict = local.assetsDict || {};","        /* jslint-ignore-begin */","        local.assetsDict['/assets.index.template.html'] = '\\","<!doctype html>\\n\\","<html lang=\"en\">\\n\\","<head>\\n\\","<meta charset=\"UTF-8\">\\n\\","<meta name=\"viewport\" content=\"width=device-width, initial-scale=1\">\\n\\","<title>{{env.npm_package_name}} (v{{env.npm_package_version}})</title>\\n\\","<style>\\n\\","/*csslint\\n\\","    box-sizing: false,\\n\\","    universal-selector: false\\n\\","*/\\n\\","* {\\n\\","    box-sizing: border-box;\\n\\","}\\n\\","body {\\n\\","    background: #dde;\\n\\","    font-family: Arial, Helvetica, sans-serif;\\n\\","    margin: 2rem;\\n\\","}\\n\\","body > * {\\n\\","    margin-bottom: 1rem;\\n\\","}\\n\\",".utility2FooterDiv {\\n\\","    margin-top: 20px;\\n\\","    text-align: center;\\n\\","}\\n\\","</style>\\n\\","<style>\\n\\","/*csslint\\n\\","*/\\n\\","textarea {\\n\\","    font-family: monospace;\\n\\","    height: 10rem;\\n\\","    width: 100%;\\n\\","}\\n\\","textarea[readonly] {\\n\\","    background: #ddd;\\n\\","}\\n\\","</style>\\n\\","</head>\\n\\","<body>\\n\\","<!-- utility2-comment\\n\\","<div id=\"ajaxProgressDiv1\" style=\"background: #d00; height: 2px; left: 0; margin: 0; padding: 0; position: fixed; top: 0; transition: background 0.5s, width 1.5s; width: 25%;\"></div>\\n\\","utility2-comment -->\\n\\","<h1>\\n\\","<!-- utility2-comment\\n\\","    <a\\n\\","        {{#if env.npm_package_homepage}}\\n\\","        href=\"{{env.npm_package_homepage}}\"\\n\\","        {{/if env.npm_package_homepage}}\\n\\","        target=\"_blank\"\\n\\","    >\\n\\","utility2-comment -->\\n\\","        {{env.npm_package_name}} (v{{env.npm_package_version}})\\n\\","<!-- utility2-comment\\n\\","    </a>\\n\\","utility2-comment -->\\n\\","</h1>\\n\\","<h3>{{env.npm_package_description}}</h3>\\n\\","<!-- utility2-comment\\n\\","<h4><a download href=\"assets.app.js\">download standalone app</a></h4>\\n\\","<button class=\"onclick onreset\" id=\"testRunButton1\">run internal test</button><br>\\n\\","<div id=\"testReportDiv1\" style=\"display: none;\"></div>\\n\\","utility2-comment -->\\n\\","\\n\\","\\n\\","\\n\\","<label>stderr and stdout</label>\\n\\","<textarea class=\"resettable\" id=\"outputTextareaStdout1\" readonly></textarea>\\n\\","<!-- utility2-comment\\n\\","{{#if isRollup}}\\n\\","<script src=\"assets.app.js\"></script>\\n\\","{{#unless isRollup}}\\n\\","utility2-comment -->\\n\\","<script src=\"assets.utility2.rollup.js\"></script>\\n\\","<script src=\"jsonp.utility2._stateInit?callback=window.utility2._stateInit\"></script>\\n\\","<script src=\"assets.npmtest_jugglingdb.rollup.js\"></script>\\n\\","<script src=\"assets.example.js\"></script>\\n\\","<script src=\"assets.test.js\"></script>\\n\\","<!-- utility2-comment\\n\\","{{/if isRollup}}\\n\\","utility2-comment -->\\n\\","<div class=\"utility2FooterDiv\">\\n\\","    [ this app was created with\\n\\","    <a href=\"https://github.com/kaizhu256/node-utility2\" target=\"_blank\">utility2</a>\\n\\","    ]\\n\\","</div>\\n\\","</body>\\n\\","</html>\\n\\","';","        /* jslint-ignore-end */","        if (local.templateRender) {","            local.assetsDict['/'] = local.templateRender(","                local.assetsDict['/assets.index.template.html'],","                {","                    env: local.objectSetDefault(local.env, {","                        npm_package_description: 'the greatest app in the world!',","                        npm_package_name: 'my-app',","                        npm_package_nameAlias: 'my_app',","                        npm_package_version: '0.0.1'","                    })","                }","            );","        } else {","            local.assetsDict['/'] = local.assetsDict['/assets.index.template.html']","                .replace((/\\{\\{env\\.(\\w+?)\\}\\}/g), function (match0, match1) {","                    // jslint-hack","                    String(match0);","                    switch (match1) {","                    case 'npm_package_description':","                        return 'the greatest app in the world!';","                    case 'npm_package_name':","                        return 'my-app';","                    case 'npm_package_nameAlias':","                        return 'my_app';","                    case 'npm_package_version':","                        return '0.0.1';","                    }","                });","        }","        // run the cli","        if (local.global.utility2_rollup || module !== require.main) {","            break;","        }","        local.assetsDict['/assets.example.js'] =","            local.assetsDict['/assets.example.js'] ||","            local.fs.readFileSync(__filename, 'utf8');","        // bug-workaround - long $npm_package_buildCustomOrg","        /* jslint-ignore-begin */","        local.assetsDict['/assets.npmtest_jugglingdb.rollup.js'] =","            local.assetsDict['/assets.npmtest_jugglingdb.rollup.js'] ||","            local.fs.readFileSync(","                local.npmtest_jugglingdb.__dirname + '/lib.npmtest_jugglingdb.js',","                'utf8'","            ).replace((/^#!/), '//');","        /* jslint-ignore-end */","        local.assetsDict['/favicon.ico'] = local.assetsDict['/favicon.ico'] || '';","        // if $npm_config_timeout_exit exists,","        // then exit this process after $npm_config_timeout_exit ms","        if (Number(process.env.npm_config_timeout_exit)) {","            setTimeout(process.exit, Number(process.env.npm_config_timeout_exit));","        }","        // start server","        if (local.global.utility2_serverHttp1) {","            break;","        }","        process.env.PORT = process.env.PORT || '8081';","        console.error('server starting on port ' + process.env.PORT);","        local.http.createServer(function (request, response) {","            request.urlParsed = local.url.parse(request.url);","            if (local.assetsDict[request.urlParsed.pathname] !== undefined) {","                response.end(local.assetsDict[request.urlParsed.pathname]);","                return;","            }","            response.statusCode = 404;","            response.end();","        }).listen(process.env.PORT);","        break;","    }","}());",""],"l":{"26":2,"28":2,"33":2,"35":2,"37":2,"38":2,"39":2,"44":1,"51":2,"55":2,"59":2,"61":2,"69":1,"70":2,"76":2,"79":2,"82":2,"83":2,"85":1,"89":2,"92":1,"93":1,"94":1,"96":1,"97":1,"100":1,"101":1,"103":1,"106":1,"108":2,"114":1,"116":1,"118":1,"123":1,"124":2,"125":2,"126":3,"127":3,"128":3,"129":3,"130":1,"133":3,"134":3,"139":3,"143":1,"144":3,"145":1,"149":1,"150":1,"158":1,"160":1,"161":1,"162":1,"164":1,"166":1,"258":1,"259":1,"271":1,"274":6,"275":6,"277":1,"279":2,"281":1,"283":2,"288":1,"289":1,"291":1,"296":1,"303":1,"306":1,"307":1,"310":1,"311":1,"313":1,"314":1,"315":1,"316":1,"317":1,"318":1,"319":1,"321":1,"322":1,"324":1}},"/home/travis/build/npmtest/node-npmtest-jugglingdb/node_modules/jugglingdb/index.js":{"path":"/home/travis/build/npmtest/node-npmtest-jugglingdb/node_modules/jugglingdb/index.js","s":{"1":1,"2":1,"3":1,"4":1,"5":1,"6":1,"7":2,"8":1,"9":0,"10":0,"11":0,"12":0,"13":0,"14":0,"15":0,"16":0,"17":0,"18":0,"19":0,"20":0,"21":0,"22":0,"23":0,"24":0,"25":0,"26":0,"27":0,"28":0,"29":0,"30":1,"31":0,"32":1,"33":0,"34":0,"35":0,"36":0,"37":0,"38":0,"39":0,"40":0,"41":0,"42":0,"43":0,"44":0,"45":0,"46":0,"47":0,"48":0,"49":1,"50":0,"51":0,"52":0,"53":0,"54":0,"55":0,"56":1,"57":2,"58":1,"59":1,"60":2},"b":{"1":[0,0],"2":[0,0],"3":[0,0],"4":[0,0],"5":[0,0],"6":[0,0],"7":[0,0],"8":[0,0],"9":[0,0],"10":[0,0],"11":[0,0]},"f":{"1":2,"2":0,"3":0,"4":0,"5":0,"6":0,"7":0,"8":0,"9":0,"10":2,"11":2},"fnMap":{"1":{"name":"(anonymous_1)","line":9,"loc":{"start":{"line":9,"column":36},"end":{"line":9,"column":48}}},"2":{"name":"(anonymous_2)","line":13,"loc":{"start":{"line":13,"column":21},"end":{"line":13,"column":60}}},"3":{"name":"(anonymous_3)","line":16,"loc":{"start":{"line":16,"column":37},"end":{"line":16,"column":49}}},"4":{"name":"(anonymous_4)","line":23,"loc":{"start":{"line":23,"column":31},"end":{"line":23,"column":61}}},"5":{"name":"define","line":44,"loc":{"start":{"line":44,"column":4},"end":{"line":44,"column":29}}},"6":{"name":"(anonymous_6)","line":49,"loc":{"start":{"line":49,"column":15},"end":{"line":49,"column":35}}},"7":{"name":"(anonymous_7)","line":64,"loc":{"start":{"line":64,"column":37},"end":{"line":64,"column":48}}},"8":{"name":"(anonymous_8)","line":65,"loc":{"start":{"line":65,"column":48},"end":{"line":65,"column":60}}},"9":{"name":"initialize","line":86,"loc":{"start":{"line":86,"column":4},"end":{"line":86,"column":26}}},"10":{"name":"(anonymous_10)","line":99,"loc":{"start":{"line":99,"column":36},"end":{"line":99,"column":48}}},"11":{"name":"(anonymous_11)","line":104,"loc":{"start":{"line":104,"column":33},"end":{"line":104,"column":45}}}},"statementMap":{"1":{"start":{"line":1,"column":0},"end":{"line":1,"column":23}},"2":{"start":{"line":2,"column":0},"end":{"line":2,"column":27}},"3":{"start":{"line":4,"column":0},"end":{"line":4,"column":61}},"4":{"start":{"line":5,"column":0},"end":{"line":5,"column":50}},"5":{"start":{"line":7,"column":0},"end":{"line":7,"column":26}},"6":{"start":{"line":9,"column":0},"end":{"line":11,"column":3}},"7":{"start":{"line":10,"column":4},"end":{"line":10,"column":28}},"8":{"start":{"line":13,"column":0},"end":{"line":47,"column":2}},"9":{"start":{"line":14,"column":4},"end":{"line":14,"column":20}},"10":{"start":{"line":15,"column":4},"end":{"line":15,"column":40}},"11":{"start":{"line":16,"column":4},"end":{"line":40,"column":7}},"12":{"start":{"line":17,"column":8},"end":{"line":17,"column":31}},"13":{"start":{"line":18,"column":8},"end":{"line":21,"column":9}},"14":{"start":{"line":19,"column":12},"end":{"line":19,"column":88}},"15":{"start":{"line":20,"column":12},"end":{"line":20,"column":38}},"16":{"start":{"line":22,"column":8},"end":{"line":22,"column":50}},"17":{"start":{"line":23,"column":8},"end":{"line":28,"column":11}},"18":{"start":{"line":24,"column":12},"end":{"line":24,"column":38}},"19":{"start":{"line":25,"column":12},"end":{"line":27,"column":13}},"20":{"start":{"line":26,"column":16},"end":{"line":26,"column":60}},"21":{"start":{"line":29,"column":8},"end":{"line":29,"column":27}},"22":{"start":{"line":30,"column":8},"end":{"line":30,"column":31}},"23":{"start":{"line":31,"column":8},"end":{"line":33,"column":9}},"24":{"start":{"line":32,"column":12},"end":{"line":32,"column":81}},"25":{"start":{"line":34,"column":8},"end":{"line":39,"column":9}},"26":{"start":{"line":35,"column":12},"end":{"line":35,"column":46}},"27":{"start":{"line":36,"column":12},"end":{"line":38,"column":13}},"28":{"start":{"line":37,"column":16},"end":{"line":37,"column":59}},"29":{"start":{"line":42,"column":4},"end":{"line":42,"column":18}},"30":{"start":{"line":44,"column":4},"end":{"line":46,"column":5}},"31":{"start":{"line":45,"column":8},"end":{"line":45,"column":26}},"32":{"start":{"line":49,"column":0},"end":{"line":97,"column":2}},"33":{"start":{"line":50,"column":4},"end":{"line":76,"column":5}},"34":{"start":{"line":51,"column":8},"end":{"line":51,"column":37}},"35":{"start":{"line":53,"column":8},"end":{"line":56,"column":10}},"36":{"start":{"line":57,"column":8},"end":{"line":75,"column":9}},"37":{"start":{"line":58,"column":12},"end":{"line":62,"column":14}},"38":{"start":{"line":63,"column":12},"end":{"line":73,"column":13}},"39":{"start":{"line":64,"column":16},"end":{"line":72,"column":19}},"40":{"start":{"line":65,"column":20},"end":{"line":71,"column":23}},"41":{"start":{"line":66,"column":24},"end":{"line":66,"column":39}},"42":{"start":{"line":67,"column":24},"end":{"line":70,"column":25}},"43":{"start":{"line":68,"column":28},"end":{"line":68,"column":52}},"44":{"start":{"line":69,"column":28},"end":{"line":69,"column":51}},"45":{"start":{"line":74,"column":12},"end":{"line":74,"column":19}},"46":{"start":{"line":80,"column":4},"end":{"line":84,"column":5}},"47":{"start":{"line":81,"column":8},"end":{"line":81,"column":48}},"48":{"start":{"line":83,"column":8},"end":{"line":83,"column":21}},"49":{"start":{"line":86,"column":4},"end":{"line":96,"column":5}},"50":{"start":{"line":87,"column":8},"end":{"line":87,"column":44}},"51":{"start":{"line":88,"column":8},"end":{"line":92,"column":9}},"52":{"start":{"line":89,"column":12},"end":{"line":89,"column":36}},"53":{"start":{"line":91,"column":12},"end":{"line":91,"column":33}},"54":{"start":{"line":93,"column":8},"end":{"line":95,"column":9}},"55":{"start":{"line":94,"column":12},"end":{"line":94,"column":27}},"56":{"start":{"line":99,"column":0},"end":{"line":101,"column":3}},"57":{"start":{"line":100,"column":4},"end":{"line":100,"column":76}},"58":{"start":{"line":103,"column":0},"end":{"line":103,"column":38}},"59":{"start":{"line":104,"column":0},"end":{"line":106,"column":3}},"60":{"start":{"line":105,"column":4},"end":{"line":105,"column":31}}},"branchMap":{"1":{"line":18,"type":"if","locations":[{"start":{"line":18,"column":8},"end":{"line":18,"column":8}},{"start":{"line":18,"column":8},"end":{"line":18,"column":8}}]},"2":{"line":25,"type":"if","locations":[{"start":{"line":25,"column":12},"end":{"line":25,"column":12}},{"start":{"line":25,"column":12},"end":{"line":25,"column":12}}]},"3":{"line":31,"type":"if","locations":[{"start":{"line":31,"column":8},"end":{"line":31,"column":8}},{"start":{"line":31,"column":8},"end":{"line":31,"column":8}}]},"4":{"line":34,"type":"if","locations":[{"start":{"line":34,"column":8},"end":{"line":34,"column":8}},{"start":{"line":34,"column":8},"end":{"line":34,"column":8}}]},"5":{"line":36,"type":"if","locations":[{"start":{"line":36,"column":12},"end":{"line":36,"column":12}},{"start":{"line":36,"column":12},"end":{"line":36,"column":12}}]},"6":{"line":50,"type":"if","locations":[{"start":{"line":50,"column":4},"end":{"line":50,"column":4}},{"start":{"line":50,"column":4},"end":{"line":50,"column":4}}]},"7":{"line":57,"type":"if","locations":[{"start":{"line":57,"column":8},"end":{"line":57,"column":8}},{"start":{"line":57,"column":8},"end":{"line":57,"column":8}}]},"8":{"line":63,"type":"if","locations":[{"start":{"line":63,"column":12},"end":{"line":63,"column":12}},{"start":{"line":63,"column":12},"end":{"line":63,"column":12}}]},"9":{"line":67,"type":"if","locations":[{"start":{"line":67,"column":24},"end":{"line":67,"column":24}},{"start":{"line":67,"column":24},"end":{"line":67,"column":24}}]},"10":{"line":80,"type":"if","locations":[{"start":{"line":80,"column":4},"end":{"line":80,"column":4}},{"start":{"line":80,"column":4},"end":{"line":80,"column":4}}]},"11":{"line":93,"type":"if","locations":[{"start":{"line":93,"column":8},"end":{"line":93,"column":8}},{"start":{"line":93,"column":8},"end":{"line":93,"column":8}}]}},"code":["var fs = require('fs');","var path = require('path');","","var Schema = exports.Schema = require('./lib/schema').Schema;","exports.AbstractClass = require('./lib/model.js');","","var baseSQL = './lib/sql';","","exports.__defineGetter__('BaseSQL', function () {","    return require(baseSQL);","});","","exports.loadSchema = function(filename, settings, compound) {","    var schema = [];","    var definitions = require(filename);","    Object.keys(definitions).forEach(function(k) {","        var conf = settings[k];","        if (!conf) {","            console.log('No config found for ' + k + ' schema, using in-memory schema');","            conf = {driver: 'memory'};","        }","        schema[k] = new Schema(conf.driver, conf);","        schema[k].on('define', function(m, name, prop, sett) {","            compound.models[name] = m;","            if (conf.backyard) {","                schema[k].backyard.define(name, prop, sett);","            }","        });","        schema[k].name = k;","        schema.push(schema[k]);","        if (conf.backyard) {","            schema[k].backyard = new Schema(conf.backyard.driver, conf.backyard);","        }","        if ('function' === typeof definitions[k]) {","            define(schema[k], definitions[k]);","            if (conf.backyard) {","                define(schema[k].backyard, definitions[k]);","            }","        }","    });","","    return schema;","","    function define(db, def) {","        def(db, compound);","    }","};","","exports.init = function (compound) {","    if (global.railway) {","        global.railway.orm = exports;","    } else {","        compound.orm = {","            Schema: exports.Schema,","            AbstractClass: exports.AbstractClass","        };","        if (compound.app.enabled('noeval schema')) {","            compound.orm.schema = exports.loadSchema(","                compound.root + '/db/schema',","                compound.app.get('database'),","                compound","            );","            if (compound.app.enabled('autoupdate')) {","                compound.on('ready', function() {","                    compound.orm.schema.forEach(function(s) {","                        s.autoupdate();","                        if (s.backyard) {","                            s.backyard.autoupdate();","                            s.backyard.log = s.log;","                        }","                    });","                });","            }","            return;","        }","    }","","    // legacy stuff","","    if (compound.version > '1.1.5-15') {","        compound.on('after routes', initialize);","    } else {","        initialize();","    }","","    function initialize() {","        var railway = './lib/railway', init;","        try {","            init = require(railway);","        } catch (e) {","            console.log(e.stack);","        }","        if (init) {","            init(compound);","        }","    }","};","","exports.__defineGetter__('version', function () {","    return JSON.parse(fs.readFileSync(__dirname + '/package.json')).version;","});","","var commonTest = './test/common_test';","exports.__defineGetter__('test', function () {","    return require(commonTest);","});",""],"l":{"1":1,"2":1,"4":1,"5":1,"7":1,"9":1,"10":2,"13":1,"14":0,"15":0,"16":0,"17":0,"18":0,"19":0,"20":0,"22":0,"23":0,"24":0,"25":0,"26":0,"29":0,"30":0,"31":0,"32":0,"34":0,"35":0,"36":0,"37":0,"42":0,"44":1,"45":0,"49":1,"50":0,"51":0,"53":0,"57":0,"58":0,"63":0,"64":0,"65":0,"66":0,"67":0,"68":0,"69":0,"74":0,"80":0,"81":0,"83":0,"86":1,"87":0,"88":0,"89":0,"91":0,"93":0,"94":0,"99":1,"100":2,"103":1,"104":1,"105":2}},"/home/travis/build/npmtest/node-npmtest-jugglingdb/node_modules/jugglingdb/lib/schema.js":{"path":"/home/travis/build/npmtest/node-npmtest-jugglingdb/node_modules/jugglingdb/lib/schema.js","s":{"1":1,"2":1,"3":1,"4":1,"5":1,"6":1,"7":1,"8":1,"9":1,"10":1,"11":1,"12":0,"13":1,"14":1,"15":1,"16":2,"17":1,"18":1,"19":1,"20":0,"21":0,"22":0,"23":0,"24":0,"25":0,"26":0,"27":0,"28":0,"29":0,"30":0,"31":0,"32":0,"33":0,"34":0,"35":0,"36":0,"37":0,"38":0,"39":0,"40":0,"41":0,"42":0,"43":0,"44":0,"45":0,"46":0,"47":0,"48":0,"49":0,"50":0,"51":0,"52":0,"53":0,"54":0,"55":0,"56":0,"57":0,"58":0,"59":0,"60":0,"61":0,"62":0,"63":0,"64":0,"65":0,"66":0,"67":0,"68":0,"69":0,"70":0,"71":0,"72":0,"73":0,"74":0,"75":0,"76":0,"77":0,"78":0,"79":1,"80":1,"81":0,"82":0,"83":0,"84":0,"85":0,"86":0,"87":0,"88":0,"89":0,"90":0,"91":0,"92":0,"93":0,"94":0,"95":0,"96":0,"97":0,"98":0,"99":0,"100":0,"101":0,"102":0,"103":0,"104":0,"105":0,"106":0,"107":0,"108":0,"109":0,"110":0,"111":0,"112":0,"113":0,"114":0,"115":0,"116":0,"117":0,"118":0,"119":0,"120":0,"121":0,"122":0,"123":0,"124":0,"125":0,"126":0,"127":0,"128":0,"129":0,"130":0,"131":0,"132":0,"133":0,"134":0,"135":0,"136":0,"137":0,"138":0,"139":0,"140":0,"141":0,"142":0,"143":0,"144":0,"145":0,"146":0,"147":0,"148":0,"149":0,"150":0,"151":0,"152":0,"153":0,"154":0,"155":0,"156":0,"157":0,"158":0,"159":0,"160":1,"161":0,"162":0,"163":0,"164":0,"165":1,"166":0,"167":0,"168":0,"169":0,"170":1,"171":0,"172":0,"173":0,"174":0,"175":0,"176":1,"177":0,"178":0,"179":0,"180":0,"181":0,"182":1,"183":0,"184":0,"185":0,"186":0,"187":0,"188":1,"189":0,"190":0,"191":0,"192":0,"193":0,"194":1,"195":0,"196":1,"197":0,"198":0,"199":1,"200":0,"201":1,"202":0,"203":0,"204":0,"205":0,"206":0,"207":0,"208":0,"209":0,"210":0,"211":0,"212":0,"213":0,"214":0,"215":0,"216":1,"217":0,"218":0,"219":0,"220":0,"221":0,"222":0,"223":1,"224":0,"225":0,"226":0,"227":0,"228":0,"229":0,"230":0,"231":0,"232":0,"233":0,"234":0,"235":0,"236":0,"237":0,"238":0,"239":0,"240":0,"241":0,"242":1,"243":0,"244":0,"245":0,"246":0,"247":0,"248":0,"249":0,"250":0,"251":0,"252":0,"253":0,"254":0,"255":0,"256":0,"257":0,"258":0,"259":0,"260":1,"261":0,"262":1,"263":0},"b":{"1":[1,0],"2":[0,0],"3":[0,0],"4":[0,0],"5":[0,0],"6":[0,0],"7":[0,0],"8":[0,0],"9":[0,0],"10":[0,0],"11":[0,0],"12":[0,0],"13":[0,0],"14":[0,0],"15":[0,0],"16":[0,0],"17":[0,0],"18":[0,0],"19":[0,0],"20":[0,0],"21":[0,0],"22":[0,0],"23":[0,0],"24":[0,0],"25":[0,0],"26":[0,0],"27":[0,0],"28":[0,0],"29":[0,0],"30":[0,0],"31":[0,0],"32":[0,0],"33":[0,0],"34":[0,0],"35":[0,0,0],"36":[0,0],"37":[0,0],"38":[0,0],"39":[0,0,0,0],"40":[0,0],"41":[0,0],"42":[0,0],"43":[0,0],"44":[0,0],"45":[0,0],"46":[0,0],"47":[0,0],"48":[0,0],"49":[0,0],"50":[0,0],"51":[0,0,0],"52":[0,0],"53":[0,0],"54":[0,0],"55":[0,0]},"f":{"1":0,"2":0,"3":2,"4":0,"5":0,"6":0,"7":0,"8":0,"9":0,"10":0,"11":0,"12":0,"13":0,"14":0,"15":0,"16":0,"17":0,"18":0,"19":0,"20":0,"21":0,"22":0,"23":0,"24":0,"25":0,"26":0,"27":0,"28":0,"29":0,"30":0,"31":0,"32":0,"33":0,"34":0,"35":0,"36":0,"37":0,"38":0,"39":0,"40":0,"41":0,"42":0,"43":0,"44":0,"45":0,"46":0,"47":0,"48":0},"fnMap":{"1":{"name":"Text","line":25,"loc":{"start":{"line":25,"column":14},"end":{"line":25,"column":31}}},"2":{"name":"JSON","line":26,"loc":{"start":{"line":26,"column":14},"end":{"line":26,"column":30}}},"3":{"name":"(anonymous_3)","line":29,"loc":{"start":{"line":29,"column":22},"end":{"line":29,"column":38}}},"4":{"name":"Schema","line":63,"loc":{"start":{"line":63,"column":0},"end":{"line":63,"column":32}}},"5":{"name":"(anonymous_5)","line":78,"loc":{"start":{"line":78,"column":23},"end":{"line":78,"column":47}}},"6":{"name":"(anonymous_6)","line":106,"loc":{"start":{"line":106,"column":29},"end":{"line":106,"column":41}}},"7":{"name":"(anonymous_7)","line":108,"loc":{"start":{"line":108,"column":27},"end":{"line":108,"column":51}}},"8":{"name":"(anonymous_8)","line":112,"loc":{"start":{"line":112,"column":30},"end":{"line":112,"column":47}}},"9":{"name":"(anonymous_9)","line":115,"loc":{"start":{"line":115,"column":19},"end":{"line":115,"column":32}}},"10":{"name":"(anonymous_10)","line":132,"loc":{"start":{"line":132,"column":21},"end":{"line":132,"column":34}}},"11":{"name":"(anonymous_11)","line":135,"loc":{"start":{"line":135,"column":32},"end":{"line":135,"column":58}}},"12":{"name":"(anonymous_12)","line":137,"loc":{"start":{"line":137,"column":40},"end":{"line":137,"column":51}}},"13":{"name":"(anonymous_13)","line":145,"loc":{"start":{"line":145,"column":35},"end":{"line":145,"column":49}}},"14":{"name":"defineClass","line":200,"loc":{"start":{"line":200,"column":26},"end":{"line":200,"column":80}}},"15":{"name":"(anonymous_15)","line":221,"loc":{"start":{"line":221,"column":22},"end":{"line":221,"column":53}}},"16":{"name":"(anonymous_16)","line":226,"loc":{"start":{"line":226,"column":17},"end":{"line":226,"column":36}}},"17":{"name":"ModelConstructor","line":236,"loc":{"start":{"line":236,"column":19},"end":{"line":236,"column":59}}},"18":{"name":"(anonymous_18)","line":278,"loc":{"start":{"line":278,"column":46},"end":{"line":278,"column":58}}},"19":{"name":"(anonymous_19)","line":284,"loc":{"start":{"line":284,"column":31},"end":{"line":284,"column":45}}},"20":{"name":"(anonymous_20)","line":288,"loc":{"start":{"line":288,"column":32},"end":{"line":288,"column":48}}},"21":{"name":"Date","line":294,"loc":{"start":{"line":294,"column":23},"end":{"line":294,"column":42}}},"22":{"name":"JSON","line":298,"loc":{"start":{"line":298,"column":23},"end":{"line":298,"column":40}}},"23":{"name":"Text","line":302,"loc":{"start":{"line":302,"column":23},"end":{"line":302,"column":40}}},"24":{"name":"(anonymous_24)","line":308,"loc":{"start":{"line":308,"column":17},"end":{"line":308,"column":29}}},"25":{"name":"(anonymous_25)","line":315,"loc":{"start":{"line":315,"column":17},"end":{"line":315,"column":34}}},"26":{"name":"(anonymous_26)","line":332,"loc":{"start":{"line":332,"column":59},"end":{"line":332,"column":71}}},"27":{"name":"(anonymous_27)","line":337,"loc":{"start":{"line":337,"column":17},"end":{"line":337,"column":29}}},"28":{"name":"(anonymous_28)","line":340,"loc":{"start":{"line":340,"column":17},"end":{"line":340,"column":34}}},"29":{"name":"standartize","line":356,"loc":{"start":{"line":356,"column":4},"end":{"line":356,"column":47}}},"30":{"name":"(anonymous_30)","line":357,"loc":{"start":{"line":357,"column":40},"end":{"line":357,"column":55}}},"31":{"name":"(anonymous_31)","line":379,"loc":{"start":{"line":379,"column":34},"end":{"line":379,"column":65}}},"32":{"name":"(anonymous_32)","line":410,"loc":{"start":{"line":410,"column":31},"end":{"line":410,"column":55}}},"33":{"name":"(anonymous_33)","line":413,"loc":{"start":{"line":413,"column":31},"end":{"line":413,"column":51}}},"34":{"name":"(anonymous_34)","line":425,"loc":{"start":{"line":425,"column":31},"end":{"line":425,"column":45}}},"35":{"name":"(anonymous_35)","line":438,"loc":{"start":{"line":438,"column":30},"end":{"line":438,"column":44}}},"36":{"name":"(anonymous_36)","line":451,"loc":{"start":{"line":451,"column":28},"end":{"line":451,"column":42}}},"37":{"name":"(anonymous_37)","line":466,"loc":{"start":{"line":466,"column":23},"end":{"line":466,"column":41}}},"38":{"name":"freeze","line":473,"loc":{"start":{"line":473,"column":26},"end":{"line":473,"column":44}}},"39":{"name":"(anonymous_39)","line":484,"loc":{"start":{"line":484,"column":29},"end":{"line":484,"column":50}}},"40":{"name":"defineForeignKey","line":493,"loc":{"start":{"line":493,"column":36},"end":{"line":493,"column":96}}},"41":{"name":"(anonymous_41)","line":498,"loc":{"start":{"line":498,"column":17},"end":{"line":498,"column":41}}},"42":{"name":"disconnect","line":520,"loc":{"start":{"line":520,"column":30},"end":{"line":520,"column":54}}},"43":{"name":"copyModel","line":530,"loc":{"start":{"line":530,"column":29},"end":{"line":530,"column":56}}},"44":{"name":"SlaveModel","line":534,"loc":{"start":{"line":534,"column":16},"end":{"line":534,"column":38}}},"45":{"name":"(anonymous_45)","line":570,"loc":{"start":{"line":570,"column":31},"end":{"line":570,"column":42}}},"46":{"name":"(anonymous_46)","line":591,"loc":{"start":{"line":591,"column":23},"end":{"line":591,"column":36}}},"47":{"name":"hiddenProperty","line":601,"loc":{"start":{"line":601,"column":0},"end":{"line":601,"column":48}}},"48":{"name":"defineReadonlyProp","line":617,"loc":{"start":{"line":617,"column":0},"end":{"line":617,"column":45}}}},"statementMap":{"1":{"start":{"line":4,"column":0},"end":{"line":4,"column":42}},"2":{"start":{"line":5,"column":0},"end":{"line":5,"column":32}},"3":{"start":{"line":6,"column":0},"end":{"line":6,"column":50}},"4":{"start":{"line":7,"column":0},"end":{"line":7,"column":27}},"5":{"start":{"line":8,"column":0},"end":{"line":8,"column":27}},"6":{"start":{"line":9,"column":0},"end":{"line":9,"column":23}},"7":{"start":{"line":10,"column":0},"end":{"line":10,"column":27}},"8":{"start":{"line":12,"column":0},"end":{"line":12,"column":50}},"9":{"start":{"line":17,"column":0},"end":{"line":17,"column":24}},"10":{"start":{"line":23,"column":0},"end":{"line":23,"column":34}},"11":{"start":{"line":25,"column":0},"end":{"line":25,"column":45}},"12":{"start":{"line":25,"column":33},"end":{"line":25,"column":42}},"13":{"start":{"line":26,"column":0},"end":{"line":26,"column":33}},"14":{"start":{"line":28,"column":0},"end":{"line":28,"column":18}},"15":{"start":{"line":29,"column":0},"end":{"line":31,"column":2}},"16":{"start":{"line":30,"column":4},"end":{"line":30,"column":33}},"17":{"start":{"line":33,"column":0},"end":{"line":33,"column":33}},"18":{"start":{"line":34,"column":0},"end":{"line":34,"column":33}},"19":{"start":{"line":63,"column":0},"end":{"line":165,"column":1}},"20":{"start":{"line":64,"column":4},"end":{"line":64,"column":22}},"21":{"start":{"line":66,"column":4},"end":{"line":66,"column":21}},"22":{"start":{"line":67,"column":4},"end":{"line":67,"column":35}},"23":{"start":{"line":70,"column":4},"end":{"line":70,"column":27}},"24":{"start":{"line":71,"column":4},"end":{"line":71,"column":28}},"25":{"start":{"line":74,"column":4},"end":{"line":74,"column":21}},"26":{"start":{"line":75,"column":4},"end":{"line":75,"column":26}},"27":{"start":{"line":77,"column":4},"end":{"line":81,"column":5}},"28":{"start":{"line":78,"column":8},"end":{"line":80,"column":11}},"29":{"start":{"line":79,"column":12},"end":{"line":79,"column":29}},"30":{"start":{"line":86,"column":4},"end":{"line":86,"column":16}},"31":{"start":{"line":87,"column":4},"end":{"line":103,"column":5}},"32":{"start":{"line":88,"column":8},"end":{"line":88,"column":23}},"33":{"start":{"line":89,"column":8},"end":{"line":89,"column":33}},"34":{"start":{"line":90,"column":11},"end":{"line":103,"column":5}},"35":{"start":{"line":92,"column":8},"end":{"line":92,"column":32}},"36":{"start":{"line":93,"column":11},"end":{"line":103,"column":5}},"37":{"start":{"line":95,"column":8},"end":{"line":95,"column":48}},"38":{"start":{"line":98,"column":8},"end":{"line":102,"column":9}},"39":{"start":{"line":99,"column":12},"end":{"line":99,"column":52}},"40":{"start":{"line":101,"column":12},"end":{"line":101,"column":185}},"41":{"start":{"line":105,"column":4},"end":{"line":105,"column":27}},"42":{"start":{"line":106,"column":4},"end":{"line":124,"column":18}},"43":{"start":{"line":108,"column":8},"end":{"line":110,"column":10}},"44":{"start":{"line":109,"column":12},"end":{"line":109,"column":37}},"45":{"start":{"line":112,"column":8},"end":{"line":118,"column":10}},"46":{"start":{"line":113,"column":12},"end":{"line":113,"column":32}},"47":{"start":{"line":114,"column":12},"end":{"line":114,"column":31}},"48":{"start":{"line":115,"column":12},"end":{"line":117,"column":14}},"49":{"start":{"line":116,"column":16},"end":{"line":116,"column":36}},"50":{"start":{"line":120,"column":8},"end":{"line":120,"column":32}},"51":{"start":{"line":121,"column":8},"end":{"line":121,"column":30}},"52":{"start":{"line":122,"column":8},"end":{"line":122,"column":31}},"53":{"start":{"line":127,"column":4},"end":{"line":130,"column":5}},"54":{"start":{"line":128,"column":8},"end":{"line":128,"column":34}},"55":{"start":{"line":129,"column":8},"end":{"line":129,"column":134}},"56":{"start":{"line":132,"column":4},"end":{"line":164,"column":6}},"57":{"start":{"line":133,"column":8},"end":{"line":133,"column":26}},"58":{"start":{"line":134,"column":8},"end":{"line":134,"column":33}},"59":{"start":{"line":135,"column":8},"end":{"line":163,"column":11}},"60":{"start":{"line":136,"column":12},"end":{"line":144,"column":13}},"61":{"start":{"line":137,"column":16},"end":{"line":143,"column":19}},"62":{"start":{"line":138,"column":20},"end":{"line":138,"column":46}},"63":{"start":{"line":139,"column":20},"end":{"line":141,"column":21}},"64":{"start":{"line":140,"column":24},"end":{"line":140,"column":41}},"65":{"start":{"line":142,"column":20},"end":{"line":142,"column":43}},"66":{"start":{"line":145,"column":12},"end":{"line":162,"column":15}},"67":{"start":{"line":146,"column":16},"end":{"line":161,"column":17}},"68":{"start":{"line":147,"column":20},"end":{"line":147,"column":45}},"69":{"start":{"line":148,"column":20},"end":{"line":148,"column":46}},"70":{"start":{"line":149,"column":20},"end":{"line":149,"column":32}},"71":{"start":{"line":150,"column":20},"end":{"line":152,"column":21}},"72":{"start":{"line":151,"column":24},"end":{"line":151,"column":32}},"73":{"start":{"line":154,"column":20},"end":{"line":154,"column":44}},"74":{"start":{"line":155,"column":20},"end":{"line":155,"column":46}},"75":{"start":{"line":156,"column":20},"end":{"line":156,"column":45}},"76":{"start":{"line":157,"column":20},"end":{"line":157,"column":36}},"77":{"start":{"line":158,"column":20},"end":{"line":160,"column":21}},"78":{"start":{"line":159,"column":24},"end":{"line":159,"column":41}},"79":{"start":{"line":167,"column":0},"end":{"line":167,"column":36}},"80":{"start":{"line":200,"column":0},"end":{"line":354,"column":2}},"81":{"start":{"line":201,"column":4},"end":{"line":201,"column":22}},"82":{"start":{"line":202,"column":4},"end":{"line":202,"column":37}},"83":{"start":{"line":204,"column":4},"end":{"line":206,"column":5}},"84":{"start":{"line":205,"column":8},"end":{"line":205,"column":47}},"85":{"start":{"line":207,"column":4},"end":{"line":210,"column":5}},"86":{"start":{"line":208,"column":8},"end":{"line":208,"column":24}},"87":{"start":{"line":209,"column":8},"end":{"line":209,"column":30}},"88":{"start":{"line":211,"column":4},"end":{"line":214,"column":5}},"89":{"start":{"line":212,"column":8},"end":{"line":212,"column":22}},"90":{"start":{"line":213,"column":8},"end":{"line":213,"column":28}},"91":{"start":{"line":216,"column":4},"end":{"line":216,"column":30}},"92":{"start":{"line":218,"column":4},"end":{"line":231,"column":5}},"93":{"start":{"line":219,"column":8},"end":{"line":219,"column":23}},"94":{"start":{"line":220,"column":8},"end":{"line":229,"column":11}},"95":{"start":{"line":222,"column":16},"end":{"line":222,"column":42}},"96":{"start":{"line":223,"column":16},"end":{"line":223,"column":37}},"97":{"start":{"line":224,"column":16},"end":{"line":224,"column":39}},"98":{"start":{"line":227,"column":16},"end":{"line":227,"column":36}},"99":{"start":{"line":230,"column":8},"end":{"line":230,"column":27}},"100":{"start":{"line":233,"column":4},"end":{"line":233,"column":34}},"101":{"start":{"line":236,"column":4},"end":{"line":242,"column":6}},"102":{"start":{"line":237,"column":8},"end":{"line":239,"column":9}},"103":{"start":{"line":238,"column":12},"end":{"line":238,"column":46}},"104":{"start":{"line":240,"column":8},"end":{"line":240,"column":39}},"105":{"start":{"line":241,"column":8},"end":{"line":241,"column":74}},"106":{"start":{"line":244,"column":4},"end":{"line":244,"column":47}},"107":{"start":{"line":245,"column":4},"end":{"line":245,"column":51}},"108":{"start":{"line":246,"column":4},"end":{"line":246,"column":55}},"109":{"start":{"line":247,"column":4},"end":{"line":247,"column":53}},"110":{"start":{"line":248,"column":4},"end":{"line":248,"column":71}},"111":{"start":{"line":249,"column":4},"end":{"line":249,"column":46}},"112":{"start":{"line":252,"column":4},"end":{"line":254,"column":5}},"113":{"start":{"line":253,"column":8},"end":{"line":253,"column":39}},"114":{"start":{"line":255,"column":4},"end":{"line":257,"column":5}},"115":{"start":{"line":256,"column":8},"end":{"line":256,"column":59}},"116":{"start":{"line":259,"column":4},"end":{"line":259,"column":25}},"117":{"start":{"line":260,"column":4},"end":{"line":260,"column":25}},"118":{"start":{"line":262,"column":4},"end":{"line":262,"column":38}},"119":{"start":{"line":265,"column":4},"end":{"line":265,"column":38}},"120":{"start":{"line":266,"column":4},"end":{"line":269,"column":6}},"121":{"start":{"line":272,"column":4},"end":{"line":276,"column":7}},"122":{"start":{"line":278,"column":4},"end":{"line":280,"column":7}},"123":{"start":{"line":279,"column":8},"end":{"line":279,"column":30}},"124":{"start":{"line":282,"column":4},"end":{"line":282,"column":87}},"125":{"start":{"line":284,"column":4},"end":{"line":286,"column":6}},"126":{"start":{"line":285,"column":8},"end":{"line":285,"column":44}},"127":{"start":{"line":288,"column":4},"end":{"line":346,"column":6}},"128":{"start":{"line":289,"column":8},"end":{"line":289,"column":45}},"129":{"start":{"line":290,"column":8},"end":{"line":305,"column":9}},"130":{"start":{"line":291,"column":12},"end":{"line":291,"column":28}},"131":{"start":{"line":292,"column":15},"end":{"line":305,"column":9}},"132":{"start":{"line":293,"column":12},"end":{"line":293,"column":32}},"133":{"start":{"line":294,"column":12},"end":{"line":296,"column":14}},"134":{"start":{"line":295,"column":16},"end":{"line":295,"column":41}},"135":{"start":{"line":297,"column":15},"end":{"line":305,"column":9}},"136":{"start":{"line":298,"column":12},"end":{"line":300,"column":14}},"137":{"start":{"line":299,"column":16},"end":{"line":299,"column":25}},"138":{"start":{"line":301,"column":15},"end":{"line":305,"column":9}},"139":{"start":{"line":302,"column":12},"end":{"line":304,"column":14}},"140":{"start":{"line":303,"column":16},"end":{"line":303,"column":25}},"141":{"start":{"line":307,"co
[...]
s) {","        if (nodes) {","            nodes = nodes.map(function (obj) {","                obj.data.id = obj.id;","                return this.readFromDb(model, obj.data);","            }.bind(this));","        }","        if (filter) {","            nodes = nodes ? nodes.filter(applyFilter(filter)) : nodes;","            if (filter.order) {","                var key = filter.order.split(' ')[0];","                var dir = filter.order.split(' ')[1];","                nodes = nodes.sort(function (a, b) {","                    return a[key] > b[key];","                });","                if (dir === 'DESC') nodes = nodes.reverse();","            }","        }","        callback(err, nodes);","    }.bind(this));","};","","Neo4j.prototype.allNodes = function all(model, callback) {","    this.client.queryNodeIndex(this.table(model), 'id:*', function (err, nodes) {","        callback(err, nodes);","    });","};","","function applyFilter(filter) {","    if (typeof filter.where === 'function') {","        return filter.where;","    }","    var keys = Object.keys(filter.where || {});","    return function (obj) {","        var pass = true;","        keys.forEach(function (key) {","            if (!test(filter.where[key], obj[key])) {","                pass = false;","            }","        });","        return pass;","    }","","    function test(example, value) {","        if (typeof value === 'string' && example && example.constructor.name === 'RegExp') {","            return value.match(example);","        }","        if (typeof value === 'object' && value.constructor.name === 'Date' && typeof example === 'object' && example.constructor.name === 'Date') {","            return example.toString() === value.toString();","        }","        // not strict equality","        return example == value;","    }","}","","Neo4j.prototype.destroyAll = function destroyAll(model, callback) {","    var wait, error = null;","    this.allNodes(model, function (err, collection) {","        if (err) return callback(err);","        wait = collection.length;","        collection && collection.forEach && collection.forEach(function (node) {","            node.delete(done, true);","        });","    });","","    function done(err) {","        error = error || err;","        if (--wait === 0) {","            callback(error);","        }","    }","};","","Neo4j.prototype.count = function count(model, callback, conds) {","    this.all(model, {where: conds}, function (err, collection) {","        callback(err, collection ? collection.length : 0);","    });","};","","Neo4j.prototype.updateAttributes = function updateAttributes(model, id, data, cb) {","    data.id = id;","    this.node(id, function (err, node) {","        this.save(model, merge(node.data, data), cb);","    }.bind(this));","};","","Neo4j.prototype.table = function (model) {","    return this._models[model].model.tableName;","};","","function cleanup(data) {","    if (!data) return null;","    ","    var res = {};","    Object.keys(data).forEach(function (key) {","        var v = data[key];","        if (v === null) {","            // skip","            // console.log('skip null', key);","        } else if (v && v.constructor.name === 'Array' && v.length === 0) {","            // skip","            // console.log('skip blank array', key);","        } else if (typeof v !== 'undefined') {","            res[key] = v;","        }","    });","    return res;","}","","function merge(base, update) {","    Object.keys(update).forEach(function (key) {","        base[key] = update[key];","    });","    return base;","}",""],"l":{"1":1,"6":1,"8":1,"9":0,"10":0,"11":0,"14":1,"15":0,"16":0,"17":0,"20":1,"21":0,"22":0,"23":0,"26":1,"27":0,"28":0,"29":0,"30":0,"31":0,"32":0,"33":0,"34":0,"36":0,"42":1,"43":0,"45":0,"46":0,"47":0,"51":0,"52":0,"53":0,"54":0,"55":0,"56":0,"57":0,"60":0,"61":0,"62":0,"65":0,"66":0,"67":0,"79":0,"80":0,"81":0,"82":0,"83":0,"84":0,"85":0,"86":0,"87":0,"88":0,"89":0,"93":0,"98":0,"99":0,"100":0,"101":0,"102":0,"103":0,"104":0,"106":0,"107":0,"108":0,"109":0,"110":0,"112":1,"113":0,"114":0,"119":0,"120":0,"124":0,"125":0,"126":0,"127":0,"128":0,"129":0,"134":1,"135":0,"142":0,"143":0,"147":1,"148":0,"149":0,"151":0,"152":0,"153":0,"155":0,"160":1,"161":0,"162":0,"163":0,"164":0,"165":0,"166":0,"167":0,"168":0,"170":0,"171":0,"172":0,"173":0,"174":0,"175":0,"181":1,"182":0,"183":0,"184":0,"185":0,"186":0,"187":0,"188":0,"192":0,"194":0,"195":1,"196":0,"197":0,"198":0,"203":1,"204":0,"205":0,"207":0,"208":0,"209":0,"210":0,"211":0,"212":0,"213":0,"215":0,"216":0,"222":1,"223":0,"224":0,"227":1,"228":0,"229":0,"230":0,"231":0,"233":0,"237":1,"238":0,"239":0,"240":0,"241":0,"242":0,"243":0,"245":0,"248":0,"251":1,"252":0,"253":0,"254":0,"255":0,"256":0,"257":0,"262":1,"263":0,"264":0,"265":0,"266":0,"267":0,"270":0,"271":0,"272":0,"273":0,"274":0,"275":0,"276":0,"278":0,"281":0,"285":1,"286":0,"287":0,"291":1,"292":0,"293":0,"295":0,"296":0,"297":0,"298":0,"299":0,"300":0,"303":0,"306":1,"307":0,"308":0,"310":0,"311":0,"314":0,"318":1,"319":0,"320":0,"321":0,"322":0,"323":0,"324":0,"328":1,"329":0,"330":0,"331":0,"336":1,"337":0,"338":0,"342":1,"343":0,"344":0,"345":0,"349":1,"350":0,"353":1,"354":0,"356":0,"357":0,"358":0,"359":0,"362":0,"365":0,"366":0,"369":0,"372":1,"373":0,"374":0,"376":0}},"/home/travis/build/npmtest/node-npmtest-jugglingdb/node_modules/jugglingdb/lib/adapters/riak.js":{"path":"/home/travis/build/npmtest/node-npmtest-jugglingdb/node_modules/jugglingdb/lib/adapters/riak.js","s":{"1":2,"2":2,"3":0,"4":0,"5":0,"6":0,"7":1,"8":0,"9":0,"10":0,"11":0,"12":0,"13":0,"14":0,"15":0,"16":0,"17":0,"18":0,"19":0,"20":0,"21":0,"22":0,"23":0,"24":0,"25":0,"26":0,"27":0,"28":0,"29":0,"30":0,"31":0,"32":0,"33":0,"34":0,"35":0,"36":0,"37":0,"38":0,"39":0,"40":0,"41":0,"42":0,"43":0,"44":0,"45":0,"46":0,"47":0,"48":0,"49":0,"50":0,"51":0,"52":1,"53":0,"54":0,"55":0,"56":0,"57":0,"58":0,"59":0,"60":0,"61":0,"62":0,"63":0,"64":0,"65":0,"66":0},"b":{"1":[0,0],"2":[0,0],"3":[0,0],"4":[0,0],"5":[0,0],"6":[0,0],"7":[0,0],"8":[0,0],"9":[0,0],"10":[0,0],"11":[0,0],"12":[0,0],"13":[0,0],"14":[0,0],"15":[0,0],"16":[0,0],"17":[0,0]},"f":{"1":0,"2":0,"3":0,"4":0,"5":0,"6":0,"7":0,"8":0,"9":0,"10":0,"11":0,"12":0,"13":0,"14":0,"15":0,"16":0,"17":0,"18":0,"19":0,"20":0,"21":0,"22":0},"fnMap":{"1":{"name":"initializeSchema","line":9,"loc":{"start":{"line":9,"column":21},"end":{"line":9,"column":65}}},"2":{"name":"Riak","line":17,"loc":{"start":{"line":17,"column":0},"end":{"line":17,"column":22}}},"3":{"name":"(anonymous_3)","line":22,"loc":{"start":{"line":22,"column":24},"end":{"line":22,"column":41}}},"4":{"name":"(anonymous_4)","line":26,"loc":{"start":{"line":26,"column":22},"end":{"line":26,"column":55}}},"5":{"name":"(anonymous_5)","line":30,"loc":{"start":{"line":30,"column":24},"end":{"line":30,"column":57}}},"6":{"name":"(anonymous_6)","line":32,"loc":{"start":{"line":32,"column":27},"end":{"line":32,"column":42}}},"7":{"name":"(anonymous_7)","line":39,"loc":{"start":{"line":39,"column":24},"end":{"line":39,"column":55}}},"8":{"name":"(anonymous_8)","line":40,"loc":{"start":{"line":40,"column":46},"end":{"line":40,"column":75}}},"9":{"name":"find","line":47,"loc":{"start":{"line":47,"column":22},"end":{"line":47,"column":57}}},"10":{"name":"(anonymous_10)","line":48,"loc":{"start":{"line":48,"column":43},"end":{"line":48,"column":70}}},"11":{"name":"destroy","line":58,"loc":{"start":{"line":58,"column":25},"end":{"line":58,"column":63}}},"12":{"name":"(anonymous_12)","line":59,"loc":{"start":{"line":59,"column":46},"end":{"line":59,"column":61}}},"13":{"name":"all","line":64,"loc":{"start":{"line":64,"column":21},"end":{"line":64,"column":59}}},"14":{"name":"(anonymous_14)","line":67,"loc":{"start":{"line":67,"column":42},"end":{"line":67,"column":71}}},"15":{"name":"(anonymous_15)","line":70,"loc":{"start":{"line":70,"column":36},"end":{"line":70,"column":51}}},"16":{"name":"destroyAll","line":81,"loc":{"start":{"line":81,"column":28},"end":{"line":81,"column":65}}},"17":{"name":"(anonymous_17)","line":83,"loc":{"start":{"line":83,"column":36},"end":{"line":83,"column":57}}},"18":{"name":"removeOne","line":88,"loc":{"start":{"line":88,"column":8},"end":{"line":88,"column":34}}},"19":{"name":"count","line":100,"loc":{"start":{"line":100,"column":23},"end":{"line":100,"column":55}}},"20":{"name":"(anonymous_20)","line":101,"loc":{"start":{"line":101,"column":47},"end":{"line":101,"column":68}}},"21":{"name":"updateAttrs","line":106,"loc":{"start":{"line":106,"column":34},"end":{"line":106,"column":76}}},"22":{"name":"(anonymous_22)","line":111,"loc":{"start":{"line":111,"column":23},"end":{"line":111,"column":40}}}},"statementMap":{"1":{"start":{"line":1,"column":0},"end":{"line":1,"column":50}},"2":{"start":{"line":6,"column":0},"end":{"line":6,"column":32}},"3":{"start":{"line":7,"column":0},"end":{"line":7,"column":34}},"4":{"start":{"line":9,"column":0},"end":{"line":15,"column":2}},"5":{"start":{"line":10,"column":4},"end":{"line":13,"column":7}},"6":{"start":{"line":14,"column":4},"end":{"line":14,"column":45}},"7":{"start":{"line":17,"column":0},"end":{"line":20,"column":1}},"8":{"start":{"line":18,"column":4},"end":{"line":18,"column":22}},"9":{"start":{"line":19,"column":4},"end":{"line":19,"column":25}},"10":{"start":{"line":22,"column":0},"end":{"line":24,"column":2}},"11":{"start":{"line":23,"column":4},"end":{"line":23,"column":48}},"12":{"start":{"line":26,"column":0},"end":{"line":28,"column":2}},"13":{"start":{"line":27,"column":4},"end":{"line":27,"column":65}},"14":{"start":{"line":30,"column":0},"end":{"line":37,"column":2}},"15":{"start":{"line":31,"column":4},"end":{"line":31,"column":21}},"16":{"start":{"line":32,"column":4},"end":{"line":36,"column":7}},"17":{"start":{"line":33,"column":8},"end":{"line":35,"column":9}},"18":{"start":{"line":34,"column":12},"end":{"line":34,"column":35}},"19":{"start":{"line":39,"column":0},"end":{"line":45,"column":2}},"20":{"start":{"line":40,"column":4},"end":{"line":44,"column":7}},"21":{"start":{"line":41,"column":8},"end":{"line":43,"column":9}},"22":{"start":{"line":42,"column":12},"end":{"line":42,"column":34}},"23":{"start":{"line":47,"column":0},"end":{"line":56,"column":2}},"24":{"start":{"line":48,"column":4},"end":{"line":55,"column":7}},"25":{"start":{"line":49,"column":8},"end":{"line":53,"column":9}},"26":{"start":{"line":50,"column":12},"end":{"line":50,"column":25}},"27":{"start":{"line":52,"column":12},"end":{"line":52,"column":24}},"28":{"start":{"line":54,"column":8},"end":{"line":54,"column":64}},"29":{"start":{"line":54,"column":44},"end":{"line":54,"column":64}},"30":{"start":{"line":58,"column":0},"end":{"line":62,"column":2}},"31":{"start":{"line":59,"column":4},"end":{"line":61,"column":7}},"32":{"start":{"line":60,"column":8},"end":{"line":60,"column":22}},"33":{"start":{"line":64,"column":0},"end":{"line":79,"column":2}},"34":{"start":{"line":65,"column":4},"end":{"line":65,"column":18}},"35":{"start":{"line":66,"column":4},"end":{"line":66,"column":58}},"36":{"start":{"line":66,"column":32},"end":{"line":66,"column":58}},"37":{"start":{"line":67,"column":4},"end":{"line":78,"column":18}},"38":{"start":{"line":68,"column":8},"end":{"line":68,"column":42}},"39":{"start":{"line":68,"column":17},"end":{"line":68,"column":42}},"40":{"start":{"line":70,"column":8},"end":{"line":75,"column":11}},"41":{"start":{"line":71,"column":12},"end":{"line":71,"column":34}},"42":{"start":{"line":72,"column":12},"end":{"line":72,"column":37}},"43":{"start":{"line":73,"column":12},"end":{"line":73,"column":32}},"44":{"start":{"line":74,"column":12},"end":{"line":74,"column":26}},"45":{"start":{"line":77,"column":8},"end":{"line":77,"column":37}},"46":{"start":{"line":81,"column":0},"end":{"line":98,"column":2}},"47":{"start":{"line":82,"column":4},"end":{"line":82,"column":20}},"48":{"start":{"line":83,"column":4},"end":{"line":96,"column":7}},"49":{"start":{"line":84,"column":8},"end":{"line":84,"column":31}},"50":{"start":{"line":84,"column":17},"end":{"line":84,"column":31}},"51":{"start":{"line":86,"column":8},"end":{"line":86,"column":20}},"52":{"start":{"line":88,"column":8},"end":{"line":94,"column":9}},"53":{"start":{"line":89,"column":12},"end":{"line":89,"column":31}},"54":{"start":{"line":90,"column":12},"end":{"line":90,"column":33}},"55":{"start":{"line":91,"column":12},"end":{"line":91,"column":83}},"56":{"start":{"line":91,"column":22},"end":{"line":91,"column":83}},"57":{"start":{"line":92,"column":12},"end":{"line":92,"column":32}},"58":{"start":{"line":93,"column":12},"end":{"line":93,"column":69}},"59":{"start":{"line":100,"column":0},"end":{"line":104,"column":2}},"60":{"start":{"line":101,"column":4},"end":{"line":103,"column":7}},"61":{"start":{"line":102,"column":8},"end":{"line":102,"column":48}},"62":{"start":{"line":106,"column":0},"end":{"line":109,"column":2}},"63":{"start":{"line":107,"column":4},"end":{"line":107,"column":17}},"64":{"start":{"line":108,"column":4},"end":{"line":108,"column":31}},"65":{"start":{"line":111,"column":0},"end":{"line":113,"column":2}},"66":{"start":{"line":112,"column":4},"end":{"line":112,"column":47}}},"branchMap":{"1":{"line":11,"type":"binary-expr","locations":[{"start":{"line":11,"column":14},"end":{"line":11,"column":34}},{"start":{"line":11,"column":38},"end":{"line":11,"column":49}}]},"2":{"line":12,"type":"binary-expr","locations":[{"start":{"line":12,"column":14},"end":{"line":12,"column":34}},{"start":{"line":12,"column":38},"end":{"line":12,"column":42}}]},"3":{"line":33,"type":"if","locations":[{"start":{"line":33,"column":8},"end":{"line":33,"column":8}},{"start":{"line":33,"column":8},"end":{"line":33,"column":8}}]},"4":{"line":41,"type":"if","locations":[{"start":{"line":41,"column":8},"end":{"line":41,"column":8}},{"start":{"line":41,"column":8},"end":{"line":41,"column":8}}]},"5":{"line":49,"type":"if","locations":[{"start":{"line":49,"column":8},"end":{"line":49,"column":8}},{"start":{"line":49,"column":8},"end":{"line":49,"column":8}}]},"6":{"line":49,"type":"binary-expr","locations":[{"start":{"line":49,"column":12},"end":{"line":49,"column":16}},{"start":{"line":49,"column":20},"end":{"line":49,"column":27}}]},"7":{"line":54,"type":"if","locations":[{"start":{"line":54,"column":8},"end":{"line":54,"column":8}},{"start":{"line":54,"column":8},"end":{"line":54,"column":8}}]},"8":{"line":66,"type":"if","locations":[{"start":{"line":66,"column":4},"end":{"line":66,"column":4}},{"start":{"line":66,"column":4},"end":{"line":66,"column":4}}]},"9":{"line":66,"type":"binary-expr","locations":[{"start":{"line":66,"column":8},"end":{"line":66,"column":14}},{"start":{"line":66,"column":18},"end":{"line":66,"column":30}}]},"10":{"line":68,"type":"if","locations":[{"start":{"line":68,"column":8},"end":{"line":68,"column":8}},{"start":{"line":68,"column":8},"end":{"line":68,"column":8}}]},"11":{"line":70,"type":"binary-expr","locations":[{"start":{"line":70,"column":18},"end":{"line":70,"column":24}},{"start":{"line":70,"column":28},"end":{"line":70,"column":30}}]},"12":{"line":84,"type":"if","locations":[{"start":{"line":84,"column":8},"end":{"line":84,"column":8}},{"start":{"line":84,"column":8},"end":{"line":84,"column":8}}]},"13":{"line":89,"type":"binary-expr","locations":[{"start":{"line":89,"column":18},"end":{"line":89,"column":21}},{"start":{"line":89,"column":25},"end":{"line":89,"column":30}}]},"14":{"line":91,"type":"if","locations":[{"start":{"line":91,"column":12},"end":{"line":91,"column":12}},{"start":{"line":91,"column":12},"end":{"line":91,"column":12}}]},"15":{"line":91,"type":"cond-expr","locations":[{"start":{"line":91,"column":71},"end":{"line":91,"column":74}},{"start":{"line":91,"column":77},"end":{"line":91,"column":81}}]},"16":{"line":91,"type":"binary-expr","locations":[{"start":{"line":91,"column":38},"end":{"line":91,"column":41}},{"start":{"line":91,"column":45},"end":{"line":91,"column":68}}]},"17":{"line":102,"type":"cond-expr","locations":[{"start":{"line":102,"column":28},"end":{"line":102,"column":32}},{"start":{"line":102,"column":35},"end":{"line":102,"column":46}}]}},"code":["var safeRequire = require('../utils').safeRequire;","","/**"," * Module dependencies"," */","var uuid = require('node-uuid');","var riak = safeRequire('riak-js');","","exports.initialize = function initializeSchema(schema, callback) {","    schema.client = riak.getClient({","        host: schema.settings.host || '127.0.0.1',","        port: schema.settings.port || 8091","    });","    schema.adapter = new Riak(schema.client);","};","","function Riak(client) {","    this._models = {};","    this.client = client;","}","","Riak.prototype.define = function (descr) {","    this._models[descr.model.modelName] = descr;","};","","Riak.prototype.save = function (model, data, callback) {","    this.client.save(this.table(model), data.id, data, callback);","};","","Riak.prototype.create = function (model, data, callback) {","    data.id = uuid();","    this.save(model, data, function (err) {","        if (callback) {","            callback(err, data.id);","        }","    });","};","","Riak.prototype.exists = function (model, id, callback) {","    this.client.exists(this.table(model), id, function (err, exists, meta) {","        if (callback) {","            callback(err, exists);","        }","    });","};","","Riak.prototype.find = function find(model, id, callback) {","    this.client.get(this.table(model), id, function (err, data, meta) {","        if (data && data.id) {","            data.id = id;","        } else {","            data = null;","        }","        if (typeof callback === 'function') callback(err, data);","    });","};","","Riak.prototype.destroy = function destroy(model, id, callback) {","    this.client.remove(this.table(model), id, function (err) {","        callback(err);","    });","};","","Riak.prototype.all = function all(model, filter, callback) {","    var opts = {};","    if (filter && filter.where) opts.where = filter.where;","    this.client.getAll(this.table(model), function (err, result, meta) {","        if (err) return callback(err, []);","        /// return callback(err, result.map(function (x) { return {id: x}; }));","        result = (result || []).map(function (row) {","            var record = row.data;","            record.id = row.meta.key;","            console.log(record);","            return record;","        });","","        return callback(err, result);","    }.bind(this));","};","","Riak.prototype.destroyAll = function destroyAll(model, callback) {","    var self = this;","    this.all(this.table(model), {}, function (err, recs) {","        if (err) callback(err);","","        removeOne();","","        function removeOne(error) {","            err = err || error;","            var rec = recs.pop();","            if (!rec) return callback(err && err.statusCode != '404' ? err : null);","            console.log(rec.id);","            self.client.remove(this.table(model), rec.id, removeOne);","        }","","    });","","};","","Riak.prototype.count = function count(model, callback) {","    this.client.keys(this.table(model) + ':*', function (err, keys) {","        callback(err, err ? null : keys.length);","    });","};","","Riak.prototype.updateAttributes = function updateAttrs(model, id, data, cb) {","    data.id = id;","    this.save(model, data, cb);","};","","Riak.prototype.table = function (model) {","    return this._models[model].model.tableName;","};",""],"l":{"1":2,"6":2,"7":0,"9":0,"10":0,"14":0,"17":1,"18":0,"19":0,"22":0,"23":0,"26":0,"27":0,"30":0,"31":0,"32":0,"33":0,"34":0,"39":0,"40":0,"41":0,"42":0,"47":0,"48":0,"49":0,"50":0,"52":0,"54":0,"58":0,"59":0,"60":0,"64":0,"65":0,"66":0,"67":0,"68":0,"70":0,"71":0,"72":0,"73":0,"74":0,"77":0,"81":0,"82":0,"83":0,"84":0,"86":0,"88":1,"89":0,"90":0,"91":0,"92":0,"93":0,"100":0,"101":0,"102":0,"106":0,"107":0,"108":0,"111":0,"112":0}}}